Removed Pin From Net: NetName=GND Pin=C8-1
Removed Pin From Net: NetName=NetC1_2 Pin=LED24-4
Removed Pin From Net: NetName=NetC1_1 Pin=LED25-2
Removed Pin From Net: NetName=NetC2_2 Pin=LED48-4
Removed Pin From Net: NetName=NetC2_1 Pin=LED49-2
Removed Pin From Net: NetName=NetC3_2 Pin=LED72-4
Removed Pin From Net: NetName=NetC3_1 Pin=LED73-2
Removed Pin From Net: NetName=NetC4_2 Pin=LED96-4
Removed Pin From Net: NetName=NetC4_1 Pin=LED97-2
Removed Pin From Net: NetName=NetC5_2 Pin=LED120-4
Removed Pin From Net: NetName=NetC5_1 Pin=LED121-2
Removed Pin From Net: NetName=NetC6_2 Pin=LED144-4
Removed Pin From Net: NetName=NetC6_1 Pin=LED145-2
Removed Pin From Net: NetName=NetC7_2 Pin=LED168-4
Removed Pin From Net: NetName=NetC7_1 Pin=LED169-2
Change Component Footprint: Designator=C1 Old Footprint=RAD-0.3 New Footprint=C0805
Change Component Footprint: Designator=C2 Old Footprint=RAD-0.3 New Footprint=C0805
Change Component Footprint: Designator=C3 Old Footprint=RAD-0.3 New Footprint=C0805
Change Component Footprint: Designator=C4 Old Footprint=RAD-0.3 New Footprint=C0805
Change Component Footprint: Designator=C5 Old Footprint=RAD-0.3 New Footprint=C0805
Change Component Footprint: Designator=C6 Old Footprint=RAD-0.3 New Footprint=C0805
Change Component Footprint: Designator=C7 Old Footprint=RAD-0.3 New Footprint=C0805
Change Component Footprint: Designator=C8 Old Footprint=RAD-0.3 New Footprint=C0805
Change Component Comment : Designator=C1 Old Comment=Cap New Comment=Cap Pol3
Change Component Comment : Designator=C2 Old Comment=Cap New Comment=Cap Pol3
Change Component Comment : Designator=C3 Old Comment=Cap New Comment=Cap Pol3
Change Component Comment : Designator=C4 Old Comment=Cap New Comment=Cap Pol3
Change Component Comment : Designator=C5 Old Comment=Cap New Comment=Cap Pol3
Change Component Comment : Designator=C6 Old Comment=Cap New Comment=Cap Pol3
Change Component Comment : Designator=C7 Old Comment=Cap New Comment=Cap Pol3
Change Component Comment : Designator=C8 Old Comment=Cap New Comment=Cap Pol3
Change component parameters: Designator = "C1" ("C1"); Footprint = "RAD-0.3"; UniqueID = "\GJUIRGWI" ("\GJUIRGWI")
Change component parameters (AddParameter): Name = "LatestRevisionDate"; Value = "29-May-2009"; VariantName = "[No Variations]"
Change component parameters (AddParameter): Name = "LatestRevisionNote"; Value = "IPC-7351 Footprint Added."; VariantName = "[No Variations]"
Change component parameters (AddParameter): Name = "PackageDescription"; Value = "Chip Capacitor"; VariantName = "[No Variations]"
Change component parameters (AddParameter): Name = "PackageReference"; Value = "C0805"; VariantName = "[No Variations]"
Change component parameters (AddParameter): Name = "Published"; Value = "8-Jun-2000"; VariantName = "[No Variations]"
Change component parameters (AddParameter): Name = "Publisher"; Value = "Altium Limited"; VariantName = "[No Variations]"
Change component parameters (AddParameter): Name = "Value"; Value = "0.1uf"; VariantName = "[No Variations]"
Change component parameters: Designator = "C2" ("C2"); Footprint = "RAD-0.3"; UniqueID = "\NWJOOGQH" ("\NWJOOGQH")
Change component parameters (AddParameter): Name = "LatestRevisionDate"; Value = "29-May-2009"; VariantName = "[No Variations]"
Change component parameters (AddParameter): Name = "LatestRevisionNote"; Value = "IPC-7351 Footprint Added."; VariantName = "[No Variations]"
Change component parameters (AddParameter): Name = "PackageDescription"; Value = "Chip Capacitor"; VariantName = "[No Variations]"
Change component parameters (AddParameter): Name = "PackageReference"; Value = "C0805"; VariantName = "[No Variations]"
Change component parameters (AddParameter): Name = "Published"; Value = "8-Jun-2000"; VariantName = "[No Variations]"
Change component parameters (AddParameter): Name = "Publisher"; Value = "Altium Limited"; VariantName = "[No Variations]"
Change component parameters (AddParameter): Name = "Value"; Value = "0.1uf"; VariantName = "[No Variations]"
Change component parameters: Designator = "C3" ("C3"); Footprint = "RAD-0.3"; UniqueID = "\KXLPPFHW" ("\KXLPPFHW")
Change component parameters (AddParameter): Name = "LatestRevisionDate"; Value = "29-May-2009"; VariantName = "[No Variations]"
Change component parameters (AddParameter): Name = "LatestRevisionNote"; Value = "IPC-7351 Footprint Added."; VariantName = "[No Variations]"
Change component parameters (AddParameter): Name = "PackageDescription"; Value = "Chip Capacitor"; VariantName = "[No Variations]"
Change component parameters (AddParameter): Name = "PackageReference"; Value = "C0805"; VariantName = "[No Variations]"
Change component parameters (AddParameter): Name = "Published"; Value = "8-Jun-2000"; VariantName = "[No Variations]"
Change component parameters (AddParameter): Name = "Publisher"; Value = "Altium Limited"; VariantName = "[No Variations]"
Change component parameters (AddParameter): Name = "Value"; Value = "0.1uf"; VariantName = "[No Variations]"
Change component parameters: Designator = "C4" ("C4"); Footprint = "RAD-0.3"; UniqueID = "\ODQUFRIC" ("\ODQUFRIC")
Change component parameters (AddParameter): Name = "LatestRevisionDate"; Value = "29-May-2009"; VariantName = "[No Variations]"
Change component parameters (AddParameter): Name = "LatestRevisionNote"; Value = "IPC-7351 Footprint Added."; VariantName = "[No Variations]"
Change component parameters (AddParameter): Name = "PackageDescription"; Value = "Chip Capacitor"; VariantName = "[No Variations]"
Change component parameters (AddParameter): Name = "PackageReference"; Value = "C0805"; VariantName = "[No Variations]"
Change component parameters (AddParameter): Name = "Published"; Value = "8-Jun-2000"; VariantName = "[No Variations]"
Change component parameters (AddParameter): Name = "Publisher"; Value = "Altium Limited"; VariantName = "[No Variations]"
Change component parameters (AddParameter): Name = "Value"; Value = "0.1uf"; VariantName = "[No Variations]"
Change component parameters: Designator = "C5" ("C5"); Footprint = "RAD-0.3"; UniqueID = "\RXKPOYNV" ("\RXKPOYNV")
Change component parameters (AddParameter): Name = "LatestRevisionDate"; Value = "29-May-2009"; VariantName = "[No Variations]"
Change component parameters (AddParameter): Name = "LatestRevisionNote"; Value = "IPC-7351 Footprint Added."; VariantName = "[No Variations]"
Change component parameters (AddParameter): Name = "PackageDescription"; Value = "Chip Capacitor"; VariantName = "[No Variations]"
Change component parameters (AddParameter): Name = "PackageReference"; Value = "C0805"; VariantName = "[No Variations]"
Change component parameters (AddParameter): Name = "Published"; Value = "8-Jun-2000"; VariantName = "[No Variations]"
Change component parameters (AddParameter): Name = "Publisher"; Value = "Altium Limited"; VariantName = "[No Variations]"
Change component parameters (AddParameter): Name = "Value"; Value = "0.1uf"; VariantName = "[No Variations]"
Change component parameters: Designator = "C6" ("C6"); Footprint = "RAD-0.3"; UniqueID = "\PHRUJYCQ" ("\PHRUJYCQ")
Change component parameters (AddParameter): Name = "LatestRevisionDate"; Value = "29-May-2009"; VariantName = "[No Variations]"
Change component parameters (AddParameter): Name = "LatestRevisionNote"; Value = "IPC-7351 Footprint Added."; VariantName = "[No Variations]"
Change component parameters (AddParameter): Name = "PackageDescription"; Value = "Chip Capacitor"; VariantName = "[No Variations]"
Change component parameters (AddParameter): Name = "PackageReference"; Value = "C0805"; VariantName = "[No Variations]"
Change component parameters (AddParameter): Name = "Published"; Value = "8-Jun-2000"; VariantName = "[No Variations]"
Change component parameters (AddParameter): Name = "Publisher"; Value = "Altium Limited"; VariantName = "[No Variations]"
Change component parameters (AddParameter): Name = "Value"; Value = "0.1uf"; VariantName = "[No Variations]"
Change component parameters: Designator = "C7" ("C7"); Footprint = "RAD-0.3"; UniqueID = "\KCMMRSDM" ("\KCMMRSDM")
Change component parameters (AddParameter): Name = "LatestRevisionDate"; Value = "29-May-2009"; VariantName = "[No Variations]"
Change component parameters (AddParameter): Name = "LatestRevisionNote"; Value = "IPC-7351 Footprint Added."; VariantName = "[No Variations]"
Change component parameters (AddParameter): Name = "PackageDescription"; Value = "Chip Capacitor"; VariantName = "[No Variations]"
Change component parameters (AddParameter): Name = "PackageReference"; Value = "C0805"; VariantName = "[No Variations]"
Change component parameters (AddParameter): Name = "Published"; Value = "8-Jun-2000"; VariantName = "[No Variations]"
Change component parameters (AddParameter): Name = "Publisher"; Value = "Altium Limited"; VariantName = "[No Variations]"
Change component parameters (AddParameter): Name = "Value"; Value = "0.1uf"; VariantName = "[No Variations]"
Change component parameters: Designator = "C8" ("C8"); Footprint = "RAD-0.3"; UniqueID = "\KKWVYYHP" ("\KKWVYYHP")
Change component parameters (AddParameter): Name = "LatestRevisionDate"; Value = "29-May-2009"; VariantName = "[No Variations]"
Change component parameters (AddParameter): Name = "LatestRevisionNote"; Value = "IPC-7351 Footprint Added."; VariantName = "[No Variations]"
Change component parameters (AddParameter): Name = "PackageDescription"; Value = "Chip Capacitor"; VariantName = "[No Variations]"
Change component parameters (AddParameter): Name = "PackageReference"; Value = "C0805"; VariantName = "[No Variations]"
Change component parameters (AddParameter): Name = "Published"; Value = "8-Jun-2000"; VariantName = "[No Variations]"
Change component parameters (AddParameter): Name = "Publisher"; Value = "Altium Limited"; VariantName = "[No Variations]"
Change component parameters (AddParameter): Name = "Value"; Value = "0.1uf"; VariantName = "[No Variations]"
Added Pin To Net: NetName=GND Pin=C8-2
Added Pin To Net: NetName=NetC1_1 Pin=LED24-4
Added Pin To Net: NetName=NetC1_2 Pin=LED25-2
Added Pin To Net: NetName=NetC2_1 Pin=LED48-4
Added Pin To Net: NetName=NetC2_2 Pin=LED49-2
Added Pin To Net: NetName=NetC3_1 Pin=LED72-4
Added Pin To Net: NetName=NetC3_2 Pin=LED73-2
Added Pin To Net: NetName=NetC4_1 Pin=LED96-4
Added Pin To Net: NetName=NetC4_2 Pin=LED97-2
Added Pin To Net: NetName=NetC5_1 Pin=LED120-4
Added Pin To Net: NetName=NetC5_2 Pin=LED121-2
Added Pin To Net: NetName=NetC6_1 Pin=LED144-4
Added Pin To Net: NetName=NetC6_2 Pin=LED145-2
Added Pin To Net: NetName=NetC7_1 Pin=LED168-4
Added Pin To Net: NetName=NetC7_2 Pin=LED169-2
Added Pin To Net: NetName=NetC8_1 Pin=C8-1
Added Pin To Net: NetName=NetC8_1 Pin=LED192-4
Added Net: Name=NetC8_1
Added Member To Class: ClassName=Sheet1 Member=Component C1 Cap Pol3
Added Member To Class: ClassName=Sheet1 Member=Component C2 Cap Pol3
Added Member To Class: ClassName=Sheet1 Member=Component C3 Cap Pol3
Added Member To Class: ClassName=Sheet1 Member=Component C4 Cap Pol3
Added Member To Class: ClassName=Sheet1 Member=Component C5 Cap Pol3
Added Member To Class: ClassName=Sheet1 Member=Component C6 Cap Pol3
Added Member To Class: ClassName=Sheet1 Member=Component C7 Cap Pol3
Added Member To Class: ClassName=Sheet1 Member=Component C8 Cap Pol3
Added Member To Class: ClassName=Sheet1 Member=Component LED1 WS2812_LED_4
Added Member To Class: ClassName=Sheet1 Member=Component LED2 WS2812_LED_4
Added Member To Class: ClassName=Sheet1 Member=Component LED3 WS2812_LED_4
Added Member To Class: ClassName=Sheet1 Member=Component LED4 WS2812_LED_4
Added Member To Class: ClassName=Sheet1 Member=Component LED5 WS2812_LED_4
Added Member To Class: ClassName=Sheet1 Member=Component LED6 WS2812_LED_4
Added Member To Class: ClassName=Sheet1 Member=Component LED7 WS2812_LED_4
Added Member To Class: ClassName=Sheet1 Member=Component LED8 WS2812_LED_4
Added Member To Class: ClassName=Sheet1 Member=Component LED9 WS2812_LED_4
Added Member To Class: ClassName=Sheet1 Member=Component LED10 WS2812_LED_4
Added Member To Class: ClassName=Sheet1 Member=Component LED11 WS2812_LED_4
Added Member To Class: ClassName=Sheet1 Member=Component LED12 WS2812_LED_4
Added Member To Class: ClassName=Sheet1 Member=Component LED13 WS2812_LED_4
Added Member To Class: ClassName=Sheet1 Member=Component LED14 WS2812_LED_4
Added Member To Class: ClassName=Sheet1 Member=Component LED15 WS2812_LED_4
Added Member To Class: ClassName=Sheet1 Member=Component LED16 WS2812_LED_4
Added Member To Class: ClassName=Sheet1 Member=Component LED17 WS2812_LED_4
Added Member To Class: ClassName=Sheet1 Member=Component LED18 WS2812_LED_4
Added Member To Class: ClassName=Sheet1 Member=Component LED19 WS2812_LED_4
Added Member To Class: ClassName=Sheet1 Member=Component LED20 WS2812_LED_4
Added Member To Class: ClassName=Sheet1 Member=Component LED21 WS2812_LED_4
Added Member To Class: ClassName=Sheet1 Member=Component LED22 WS2812_LED_4
Added Member To Class: ClassName=Sheet1 Member=Component LED23 WS2812_LED_4
Added Member To Class: ClassName=Sheet1 Member=Component LED24 WS2812_LED_4
Added Member To Class: ClassName=Sheet1 Member=Component LED25 WS2812_LED_4
Added Member To Class: ClassName=Sheet1 Member=Component LED26 WS2812_LED_4
Added Member To Class: ClassName=Sheet1 Member=Component LED27 WS2812_LED_4
Added Member To Class: ClassName=Sheet1 Member=Component LED28 WS2812_LED_4
Added Member To Class: ClassName=Sheet1 Member=Component LED29 WS2812_LED_4
Added Member To Class: ClassName=Sheet1 Member=Component LED30 WS2812_LED_4
Added Member To Class: ClassName=Sheet1 Member=Component LED31 WS2812_LED_4
Added Member To Class: ClassName=Sheet1 Member=Component LED32 WS2812_LED_4
Added Member To Class: ClassName=Sheet1 Member=Component LED33 WS2812_LED_4
Added Member To Class: ClassName=Sheet1 Member=Component LED34 WS2812_LED_4
Added Member To Class: ClassName=Sheet1 Member=Component LED35 WS2812_LED_4
Added Member To Class: ClassName=Sheet1 Member=Component LED36 WS2812_LED_4
Added Member To Class: ClassName=Sheet1 Member=Component LED37 WS2812_LED_4
Added Member To Class: ClassName=Sheet1 Member=Component LED38 WS2812_LED_4
Added Member To Class: ClassName=Sheet1 Member=Component LED39 WS2812_LED_4
Added Member To Class: ClassName=Sheet1 Member=Component LED40 WS2812_LED_4
Added Member To Class: ClassName=Sheet1 Member=Component LED41 WS2812_LED_4
Added Member To Class: ClassName=Sheet1 Member=Component LED42 WS2812_LED_4
Added Member To Class: ClassName=Sheet1 Member=Component LED43 WS2812_LED_4
Added Member To Class: ClassName=Sheet1 Member=Component LED44 WS2812_LED_4
Added Member To Class: ClassName=Sheet1 Member=Component LED45 WS2812_LED_4
Added Member To Class: ClassName=Sheet1 Member=Component LED46 WS2812_LED_4
Added Member To Class: ClassName=Sheet1 Member=Component LED47 WS2812_LED_4
Added Member To Class: ClassName=Sheet1 Member=Component LED48 WS2812_LED_4
Added Member To Class: ClassName=Sheet1 Member=Component LED49 WS2812_LED_4
Added Member To Class: ClassName=Sheet1 Member=Component LED50 WS2812_LED_4
Added Member To Class: ClassName=Sheet1 Member=Component LED51 WS2812_LED_4
Added Member To Class: ClassName=Sheet1 Member=Component LED52 WS2812_LED_4
Added Member To Class: ClassName=Sheet1 Member=Component LED53 WS2812_LED_4
Added Member To Class: ClassName=Sheet1 Member=Component LED54 WS2812_LED_4
Added Member To Class: ClassName=Sheet1 Member=Component LED55 WS2812_LED_4
Added Member To Class: ClassName=Sheet1 Member=Component LED56 WS2812_LED_4
Added Member To Class: ClassName=Sheet1 Member=Component LED57 WS2812_LED_4
Added Member To Class: ClassName=Sheet1 Member=Component LED58 WS2812_LED_4
Added Member To Class: ClassName=Sheet1 Member=Component LED59 WS2812_LED_4
Added Member To Class: ClassName=Sheet1 Member=Component LED60 WS2812_LED_4
Added Member To Class: ClassName=Sheet1 Member=Component LED61 WS2812_LED_4
Added Member To Class: ClassName=Sheet1 Member=Component LED62 WS2812_LED_4
Added Member To Class: ClassName=Sheet1 Member=Component LED63 WS2812_LED_4
Added Member To Class: ClassName=Sheet1 Member=Component LED64 WS2812_LED_4
Added Member To Class: ClassName=Sheet1 Member=Component LED65 WS2812_LED_4
Added Member To Class: ClassName=Sheet1 Member=Component LED66 WS2812_LED_4
Added Member To Class: ClassName=Sheet1 Member=Component LED67 WS2812_LED_4
Added Member To Class: ClassName=Sheet1 Member=Component LED68 WS2812_LED_4
Added Member To Class: ClassName=Sheet1 Member=Component LED69 WS2812_LED_4
Added Member To Class: ClassName=Sheet1 Member=Component LED70 WS2812_LED_4
Added Member To Class: ClassName=Sheet1 Member=Component LED71 WS2812_LED_4
Added Member To Class: ClassName=Sheet1 Member=Component LED72 WS2812_LED_4
Added Member To Class: ClassName=Sheet1 Member=Component LED73 WS2812_LED_4
Added Member To Class: ClassName=Sheet1 Member=Component LED74 WS2812_LED_4
Added Member To Class: ClassName=Sheet1 Member=Component LED75 WS2812_LED_4
Added Member To Class: ClassName=Sheet1 Member=Component LED76 WS2812_LED_4
Added Member To Class: ClassName=Sheet1 Member=Component LED77 WS2812_LED_4
Added Member To Class: ClassName=Sheet1 Member=Component LED78 WS2812_LED_4
Added Member To Class: ClassName=Sheet1 Member=Component LED79 WS2812_LED_4
Added Member To Class: ClassName=Sheet1 Member=Component LED80 WS2812_LED_4
Added Member To Class: ClassName=Sheet1 Member=Component LED81 WS2812_LED_4
Added Member To Class: ClassName=Sheet1 Member=Component LED82 WS2812_LED_4
Added Member To Class: ClassName=Sheet1 Member=Component LED83 WS2812_LED_4
Added Member To Class: ClassName=Sheet1 Member=Component LED84 WS2812_LED_4
Added Member To Class: ClassName=Sheet1 Member=Component LED85 WS2812_LED_4
Added Member To Class: ClassName=Sheet1 Member=Component LED86 WS2812_LED_4
Added Member To Class: ClassName=Sheet1 Member=Component LED87 WS2812_LED_4
Added Member To Class: ClassName=Sheet1 Member=Component LED88 WS2812_LED_4
Added Member To Class: ClassName=Sheet1 Member=Component LED89 WS2812_LED_4
Added Member To Class: ClassName=Sheet1 Member=Component LED90 WS2812_LED_4
Added Member To Class: ClassName=Sheet1 Member=Component LED91 WS2812_LED_4
Added Member To Class: ClassName=Sheet1 Member=Component LED92 WS2812_LED_4
Added Member To Class: ClassName=Sheet1 Member=Component LED93 WS2812_LED_4
Added Member To Class: ClassName=Sheet1 Member=Component LED94 WS2812_LED_4
Added Member To Class: ClassName=Sheet1 Member=Component LED95 WS2812_LED_4
Added Member To Class: ClassName=Sheet1 Member=Component LED96 WS2812_LED_4
Added Member To Class: ClassName=Sheet1 Member=Component LED97 WS2812_LED_4
Added Member To Class: ClassName=Sheet1 Member=Component LED98 WS2812_LED_4
Added Member To Class: ClassName=Sheet1 Member=Component LED99 WS2812_LED_4
Added Member To Class: ClassName=Sheet1 Member=Component LED100 WS2812_LED_4
Added Member To Class: ClassName=Sheet1 Member=Component LED101 WS2812_LED_4
Added Member To Class: ClassName=Sheet1 Member=Component LED102 WS2812_LED_4
Added Member To Class: ClassName=Sheet1 Member=Component LED103 WS2812_LED_4
Added Member To Class: ClassName=Sheet1 Member=Component LED104 WS2812_LED_4
Added Member To Class: ClassName=Sheet1 Member=Component LED105 WS2812_LED_4
Added Member To Class: ClassName=Sheet1 Member=Component LED106 WS2812_LED_4
Added Member To Class: ClassName=Sheet1 Member=Component LED107 WS2812_LED_4
Added Member To Class: ClassName=Sheet1 Member=Component LED108 WS2812_LED_4
Added Member To Class: ClassName=Sheet1 Member=Component LED109 WS2812_LED_4
Added Member To Class: ClassName=Sheet1 Member=Component LED110 WS2812_LED_4
Added Member To Class: ClassName=Sheet1 Member=Component LED111 WS2812_LED_4
Added Member To Class: ClassName=Sheet1 Member=Component LED112 WS2812_LED_4
Added Member To Class: ClassName=Sheet1 Member=Component LED113 WS2812_LED_4
Added Member To Class: ClassName=Sheet1 Member=Component LED114 WS2812_LED_4
Added Member To Class: ClassName=Sheet1 Member=Component LED115 WS2812_LED_4
Added Member To Class: ClassName=Sheet1 Member=Component LED116 WS2812_LED_4
Added Member To Class: ClassName=Sheet1 Member=Component LED117 WS2812_LED_4
Added Member To Class: ClassName=Sheet1 Member=Component LED118 WS2812_LED_4
Added Member To Class: ClassName=Sheet1 Member=Component LED119 WS2812_LED_4
Added Member To Class: ClassName=Sheet1 Member=Component LED120 WS2812_LED_4
Added Member To Class: ClassName=Sheet1 Member=Component LED121 WS2812_LED_4
Added Member To Class: ClassName=Sheet1 Member=Component LED122 WS2812_LED_4
Added Member To Class: ClassName=Sheet1 Member=Component LED123 WS2812_LED_4
Added Member To Class: ClassName=Sheet1 Member=Component LED124 WS2812_LED_4
Added Member To Class: ClassName=Sheet1 Member=Component LED125 WS2812_LED_4
Added Member To Class: ClassName=Sheet1 Member=Component LED126 WS2812_LED_4
Added Member To Class: ClassName=Sheet1 Member=Component LED127 WS2812_LED_4
Added Member To Class: ClassName=Sheet1 Member=Component LED128 WS2812_LED_4
Added Member To Class: ClassName=Sheet1 Member=Component LED129 WS2812_LED_4
Added Member To Class: ClassName=Sheet1 Member=Component LED130 WS2812_LED_4
Added Member To Class: ClassName=Sheet1 Member=Component LED131 WS2812_LED_4
Added Member To Class: ClassName=Sheet1 Member=Component LED132 WS2812_LED_4
Added Member To Class: ClassName=Sheet1 Member=Component LED133 WS2812_LED_4
Added Member To Class: ClassName=Sheet1 Member=Component LED134 WS2812_LED_4
Added Member To Class: ClassName=Sheet1 Member=Component LED135 WS2812_LED_4
Added Member To Class: ClassName=Sheet1 Member=Component LED136 WS2812_LED_4
Added Member To Class: ClassName=Sheet1 Member=Component LED137 WS2812_LED_4
Added Member To Class: ClassName=Sheet1 Member=Component LED138 WS2812_LED_4
Added Member To Class: ClassName=Sheet1 Member=Component LED139 WS2812_LED_4
Added Member To Class: ClassName=Sheet1 Member=Component LED140 WS2812_LED_4
Added Member To Class: ClassName=Sheet1 Member=Component LED141 WS2812_LED_4
Added Member To Class: ClassName=Sheet1 Member=Component LED142 WS2812_LED_4
Added Member To Class: ClassName=Sheet1 Member=Component LED143 WS2812_LED_4
Added Member To Class: ClassName=Sheet1 Member=Component LED144 WS2812_LED_4
Added Member To Class: ClassName=Sheet1 Member=Component LED145 WS2812_LED_4
Added Member To Class: ClassName=Sheet1 Member=Component LED146 WS2812_LED_4
Added Member To Class: ClassName=Sheet1 Member=Component LED147 WS2812_LED_4
Added Member To Class: ClassName=Sheet1 Member=Component LED148 WS2812_LED_4
Added Member To Class: ClassName=Sheet1 Member=Component LED149 WS2812_LED_4
Added Member To Class: ClassName=Sheet1 Member=Component LED150 WS2812_LED_4
Added Member To Class: ClassName=Sheet1 Member=Component LED151 WS2812_LED_4
Added Member To Class: ClassName=Sheet1 Member=Component LED152 WS2812_LED_4
Added Member To Class: ClassName=Sheet1 Member=Component LED153 WS2812_LED_4
Added Member To Class: ClassName=Sheet1 Member=Component LED154 WS2812_LED_4
Added Member To Class: ClassName=Sheet1 Member=Component LED155 WS2812_LED_4
Added Member To Class: ClassName=Sheet1 Member=Component LED156 WS2812_LED_4
Added Member To Class: ClassName=Sheet1 Member=Component LED157 WS2812_LED_4
Added Member To Class: ClassName=Sheet1 Member=Component LED158 WS2812_LED_4
Added Member To Class: ClassName=Sheet1 Member=Component LED159 WS2812_LED_4
Added Member To Class: ClassName=Sheet1 Member=Component LED160 WS2812_LED_4
Added Member To Class: ClassName=Sheet1 Member=Component LED161 WS2812_LED_4
Added Member To Class: ClassName=Sheet1 Member=Component LED162 WS2812_LED_4
Added Member To Class: ClassName=Sheet1 Member=Component LED163 WS2812_LED_4
Added Member To Class: ClassName=Sheet1 Member=Component LED164 WS2812_LED_4
Added Member To Class: ClassName=Sheet1 Member=Component LED165 WS2812_LED_4
Added Member To Class: ClassName=Sheet1 Member=Component LED166 WS2812_LED_4
Added Member To Class: ClassName=Sheet1 Member=Component LED167 WS2812_LED_4
Added Member To Class: ClassName=Sheet1 Member=Component LED168 WS2812_LED_4
Added Member To Class: ClassName=Sheet1 Member=Component LED169 WS2812_LED_4
Added Member To Class: ClassName=Sheet1 Member=Component LED170 WS2812_LED_4
Added Member To Class: ClassName=Sheet1 Member=Component LED171 WS2812_LED_4
Added Member To Class: ClassName=Sheet1 Member=Component LED172 WS2812_LED_4
Added Member To Class: ClassName=Sheet1 Member=Component LED173 WS2812_LED_4
Added Member To Class: ClassName=Sheet1 Member=Component LED174 WS2812_LED_4
Added Member To Class: ClassName=Sheet1 Member=Component LED175 WS2812_LED_4
Added Member To Class: ClassName=Sheet1 Member=Component LED176 WS2812_LED_4
Added Member To Class: ClassName=Sheet1 Member=Component LED177 WS2812_LED_4
Added Member To Class: ClassName=Sheet1 Member=Component LED178 WS2812_LED_4
Added Member To Class: ClassName=Sheet1 Member=Component LED179 WS2812_LED_4
Added Member To Class: ClassName=Sheet1 Member=Component LED180 WS2812_LED_4
Added Member To Class: ClassName=Sheet1 Member=Component LED181 WS2812_LED_4
Added Member To Class: ClassName=Sheet1 Member=Component LED182 WS2812_LED_4
Added Member To Class: ClassName=Sheet1 Member=Component LED183 WS2812_LED_4
Added Member To Class: ClassName=Sheet1 Member=Component LED184 WS2812_LED_4
Added Member To Class: ClassName=Sheet1 Member=Component LED185 WS2812_LED_4
Added Member To Class: ClassName=Sheet1 Member=Component LED186 WS2812_LED_4
Added Member To Class: ClassName=Sheet1 Member=Component LED187 WS2812_LED_4
Added Member To Class: ClassName=Sheet1 Member=Component LED188 WS2812_LED_4
Added Member To Class: ClassName=Sheet1 Member=Component LED189 WS2812_LED_4
Added Member To Class: ClassName=Sheet1 Member=Component LED190 WS2812_LED_4
Added Member To Class: ClassName=Sheet1 Member=Component LED191 WS2812_LED_4
Added Member To Class: ClassName=Sheet1 Member=Component LED192 WS2812_LED_4
Added Member To Class: ClassName=Sheet1 Member=Component P1 Header 3
Added Room: Name=Sheet1
