Added Component: Designator=C1(RAD-0.3)
Add component (AddParameter): Name = "LatestRevisionDate"; Value = "17-Jul-2002"; VariantName = "[No Variations]"
Add component (AddParameter): Name = "LatestRevisionNote"; Value = "Re-released for DXP Platform."; VariantName = "[No Variations]"
Add component (AddParameter): Name = "PackageDescription"; Value = "Radial Cap, Thru-Hole; 2 Leads; 0.3 in Pin Spacing"; VariantName = "[No Variations]"
Add component (AddParameter): Name = "PackageReference"; Value = "RAD-0.3"; VariantName = "[No Variations]"
Add component (AddParameter): Name = "Published"; Value = "8-Jun-2000"; VariantName = "[No Variations]"
Add component (AddParameter): Name = "Publisher"; Value = "Altium Limited"; VariantName = "[No Variations]"
Add component (AddParameter): Name = "Value"; Value = "0.1uf"; VariantName = "[No Variations]"
Added Component: Designator=C2(RAD-0.3)
Add component (AddParameter): Name = "LatestRevisionDate"; Value = "17-Jul-2002"; VariantName = "[No Variations]"
Add component (AddParameter): Name = "LatestRevisionNote"; Value = "Re-released for DXP Platform."; VariantName = "[No Variations]"
Add component (AddParameter): Name = "PackageDescription"; Value = "Radial Cap, Thru-Hole; 2 Leads; 0.3 in Pin Spacing"; VariantName = "[No Variations]"
Add component (AddParameter): Name = "PackageReference"; Value = "RAD-0.3"; VariantName = "[No Variations]"
Add component (AddParameter): Name = "Published"; Value = "8-Jun-2000"; VariantName = "[No Variations]"
Add component (AddParameter): Name = "Publisher"; Value = "Altium Limited"; VariantName = "[No Variations]"
Add component (AddParameter): Name = "Value"; Value = "0.1uf"; VariantName = "[No Variations]"
Added Component: Designator=C3(RAD-0.3)
Add component (AddParameter): Name = "LatestRevisionDate"; Value = "17-Jul-2002"; VariantName = "[No Variations]"
Add component (AddParameter): Name = "LatestRevisionNote"; Value = "Re-released for DXP Platform."; VariantName = "[No Variations]"
Add component (AddParameter): Name = "PackageDescription"; Value = "Radial Cap, Thru-Hole; 2 Leads; 0.3 in Pin Spacing"; VariantName = "[No Variations]"
Add component (AddParameter): Name = "PackageReference"; Value = "RAD-0.3"; VariantName = "[No Variations]"
Add component (AddParameter): Name = "Published"; Value = "8-Jun-2000"; VariantName = "[No Variations]"
Add component (AddParameter): Name = "Publisher"; Value = "Altium Limited"; VariantName = "[No Variations]"
Add component (AddParameter): Name = "Value"; Value = "0.1uf"; VariantName = "[No Variations]"
Added Component: Designator=C4(RAD-0.3)
Add component (AddParameter): Name = "LatestRevisionDate"; Value = "17-Jul-2002"; VariantName = "[No Variations]"
Add component (AddParameter): Name = "LatestRevisionNote"; Value = "Re-released for DXP Platform."; VariantName = "[No Variations]"
Add component (AddParameter): Name = "PackageDescription"; Value = "Radial Cap, Thru-Hole; 2 Leads; 0.3 in Pin Spacing"; VariantName = "[No Variations]"
Add component (AddParameter): Name = "PackageReference"; Value = "RAD-0.3"; VariantName = "[No Variations]"
Add component (AddParameter): Name = "Published"; Value = "8-Jun-2000"; VariantName = "[No Variations]"
Add component (AddParameter): Name = "Publisher"; Value = "Altium Limited"; VariantName = "[No Variations]"
Add component (AddParameter): Name = "Value"; Value = "0.1uf"; VariantName = "[No Variations]"
Added Component: Designator=C5(RAD-0.3)
Add component (AddParameter): Name = "LatestRevisionDate"; Value = "17-Jul-2002"; VariantName = "[No Variations]"
Add component (AddParameter): Name = "LatestRevisionNote"; Value = "Re-released for DXP Platform."; VariantName = "[No Variations]"
Add component (AddParameter): Name = "PackageDescription"; Value = "Radial Cap, Thru-Hole; 2 Leads; 0.3 in Pin Spacing"; VariantName = "[No Variations]"
Add component (AddParameter): Name = "PackageReference"; Value = "RAD-0.3"; VariantName = "[No Variations]"
Add component (AddParameter): Name = "Published"; Value = "8-Jun-2000"; VariantName = "[No Variations]"
Add component (AddParameter): Name = "Publisher"; Value = "Altium Limited"; VariantName = "[No Variations]"
Add component (AddParameter): Name = "Value"; Value = "0.1uf"; VariantName = "[No Variations]"
Added Component: Designator=C6(RAD-0.3)
Add component (AddParameter): Name = "LatestRevisionDate"; Value = "17-Jul-2002"; VariantName = "[No Variations]"
Add component (AddParameter): Name = "LatestRevisionNote"; Value = "Re-released for DXP Platform."; VariantName = "[No Variations]"
Add component (AddParameter): Name = "PackageDescription"; Value = "Radial Cap, Thru-Hole; 2 Leads; 0.3 in Pin Spacing"; VariantName = "[No Variations]"
Add component (AddParameter): Name = "PackageReference"; Value = "RAD-0.3"; VariantName = "[No Variations]"
Add component (AddParameter): Name = "Published"; Value = "8-Jun-2000"; VariantName = "[No Variations]"
Add component (AddParameter): Name = "Publisher"; Value = "Altium Limited"; VariantName = "[No Variations]"
Add component (AddParameter): Name = "Value"; Value = "0.1uf"; VariantName = "[No Variations]"
Added Component: Designator=C7(RAD-0.3)
Add component (AddParameter): Name = "LatestRevisionDate"; Value = "17-Jul-2002"; VariantName = "[No Variations]"
Add component (AddParameter): Name = "LatestRevisionNote"; Value = "Re-released for DXP Platform."; VariantName = "[No Variations]"
Add component (AddParameter): Name = "PackageDescription"; Value = "Radial Cap, Thru-Hole; 2 Leads; 0.3 in Pin Spacing"; VariantName = "[No Variations]"
Add component (AddParameter): Name = "PackageReference"; Value = "RAD-0.3"; VariantName = "[No Variations]"
Add component (AddParameter): Name = "Published"; Value = "8-Jun-2000"; VariantName = "[No Variations]"
Add component (AddParameter): Name = "Publisher"; Value = "Altium Limited"; VariantName = "[No Variations]"
Add component (AddParameter): Name = "Value"; Value = "0.1uf"; VariantName = "[No Variations]"
Added Component: Designator=C8(RAD-0.3)
Add component (AddParameter): Name = "LatestRevisionDate"; Value = "17-Jul-2002"; VariantName = "[No Variations]"
Add component (AddParameter): Name = "LatestRevisionNote"; Value = "Re-released for DXP Platform."; VariantName = "[No Variations]"
Add component (AddParameter): Name = "PackageDescription"; Value = "Radial Cap, Thru-Hole; 2 Leads; 0.3 in Pin Spacing"; VariantName = "[No Variations]"
Add component (AddParameter): Name = "PackageReference"; Value = "RAD-0.3"; VariantName = "[No Variations]"
Add component (AddParameter): Name = "Published"; Value = "8-Jun-2000"; VariantName = "[No Variations]"
Add component (AddParameter): Name = "Publisher"; Value = "Altium Limited"; VariantName = "[No Variations]"
Add component (AddParameter): Name = "Value"; Value = "0.1uf"; VariantName = "[No Variations]"
Added Component: Designator=LED1(WS2812_LED_4)
Added Component: Designator=LED2(WS2812_LED_4)
Added Component: Designator=LED3(WS2812_LED_4)
Added Component: Designator=LED4(WS2812_LED_4)
Added Component: Designator=LED5(WS2812_LED_4)
Added Component: Designator=LED6(WS2812_LED_4)
Added Component: Designator=LED7(WS2812_LED_4)
Added Component: Designator=LED8(WS2812_LED_4)
Added Component: Designator=LED9(WS2812_LED_4)
Added Component: Designator=LED10(WS2812_LED_4)
Added Component: Designator=LED11(WS2812_LED_4)
Added Component: Designator=LED12(WS2812_LED_4)
Added Component: Designator=LED13(WS2812_LED_4)
Added Component: Designator=LED14(WS2812_LED_4)
Added Component: Designator=LED15(WS2812_LED_4)
Added Component: Designator=LED16(WS2812_LED_4)
Added Component: Designator=LED17(WS2812_LED_4)
Added Component: Designator=LED18(WS2812_LED_4)
Added Component: Designator=LED19(WS2812_LED_4)
Added Component: Designator=LED20(WS2812_LED_4)
Added Component: Designator=LED21(WS2812_LED_4)
Added Component: Designator=LED22(WS2812_LED_4)
Added Component: Designator=LED23(WS2812_LED_4)
Added Component: Designator=LED24(WS2812_LED_4)
Added Component: Designator=LED25(WS2812_LED_4)
Added Component: Designator=LED26(WS2812_LED_4)
Added Component: Designator=LED27(WS2812_LED_4)
Added Component: Designator=LED28(WS2812_LED_4)
Added Component: Designator=LED29(WS2812_LED_4)
Added Component: Designator=LED30(WS2812_LED_4)
Added Component: Designator=LED31(WS2812_LED_4)
Added Component: Designator=LED32(WS2812_LED_4)
Added Component: Designator=LED33(WS2812_LED_4)
Added Component: Designator=LED34(WS2812_LED_4)
Added Component: Designator=LED35(WS2812_LED_4)
Added Component: Designator=LED36(WS2812_LED_4)
Added Component: Designator=LED37(WS2812_LED_4)
Added Component: Designator=LED38(WS2812_LED_4)
Added Component: Designator=LED39(WS2812_LED_4)
Added Component: Designator=LED40(WS2812_LED_4)
Added Component: Designator=LED41(WS2812_LED_4)
Added Component: Designator=LED42(WS2812_LED_4)
Added Component: Designator=LED43(WS2812_LED_4)
Added Component: Designator=LED44(WS2812_LED_4)
Added Component: Designator=LED45(WS2812_LED_4)
Added Component: Designator=LED46(WS2812_LED_4)
Added Component: Designator=LED47(WS2812_LED_4)
Added Component: Designator=LED48(WS2812_LED_4)
Added Component: Designator=LED49(WS2812_LED_4)
Added Component: Designator=LED50(WS2812_LED_4)
Added Component: Designator=LED51(WS2812_LED_4)
Added Component: Designator=LED52(WS2812_LED_4)
Added Component: Designator=LED53(WS2812_LED_4)
Added Component: Designator=LED54(WS2812_LED_4)
Added Component: Designator=LED55(WS2812_LED_4)
Added Component: Designator=LED56(WS2812_LED_4)
Added Component: Designator=LED57(WS2812_LED_4)
Added Component: Designator=LED58(WS2812_LED_4)
Added Component: Designator=LED59(WS2812_LED_4)
Added Component: Designator=LED60(WS2812_LED_4)
Added Component: Designator=LED61(WS2812_LED_4)
Added Component: Designator=LED62(WS2812_LED_4)
Added Component: Designator=LED63(WS2812_LED_4)
Added Component: Designator=LED64(WS2812_LED_4)
Added Component: Designator=LED65(WS2812_LED_4)
Added Component: Designator=LED66(WS2812_LED_4)
Added Component: Designator=LED67(WS2812_LED_4)
Added Component: Designator=LED68(WS2812_LED_4)
Added Component: Designator=LED69(WS2812_LED_4)
Added Component: Designator=LED70(WS2812_LED_4)
Added Component: Designator=LED71(WS2812_LED_4)
Added Component: Designator=LED72(WS2812_LED_4)
Added Component: Designator=LED73(WS2812_LED_4)
Added Component: Designator=LED74(WS2812_LED_4)
Added Component: Designator=LED75(WS2812_LED_4)
Added Component: Designator=LED76(WS2812_LED_4)
Added Component: Designator=LED77(WS2812_LED_4)
Added Component: Designator=LED78(WS2812_LED_4)
Added Component: Designator=LED79(WS2812_LED_4)
Added Component: Designator=LED80(WS2812_LED_4)
Added Component: Designator=LED81(WS2812_LED_4)
Added Component: Designator=LED82(WS2812_LED_4)
Added Component: Designator=LED83(WS2812_LED_4)
Added Component: Designator=LED84(WS2812_LED_4)
Added Component: Designator=LED85(WS2812_LED_4)
Added Component: Designator=LED86(WS2812_LED_4)
Added Component: Designator=LED87(WS2812_LED_4)
Added Component: Designator=LED88(WS2812_LED_4)
Added Component: Designator=LED89(WS2812_LED_4)
Added Component: Designator=LED90(WS2812_LED_4)
Added Component: Designator=LED91(WS2812_LED_4)
Added Component: Designator=LED92(WS2812_LED_4)
Added Component: Designator=LED93(WS2812_LED_4)
Added Component: Designator=LED94(WS2812_LED_4)
Added Component: Designator=LED95(WS2812_LED_4)
Added Component: Designator=LED96(WS2812_LED_4)
Added Component: Designator=LED97(WS2812_LED_4)
Added Component: Designator=LED98(WS2812_LED_4)
Added Component: Designator=LED99(WS2812_LED_4)
Added Component: Designator=LED100(WS2812_LED_4)
Added Component: Designator=LED101(WS2812_LED_4)
Added Component: Designator=LED102(WS2812_LED_4)
Added Component: Designator=LED103(WS2812_LED_4)
Added Component: Designator=LED104(WS2812_LED_4)
Added Component: Designator=LED105(WS2812_LED_4)
Added Component: Designator=LED106(WS2812_LED_4)
Added Component: Designator=LED107(WS2812_LED_4)
Added Component: Designator=LED108(WS2812_LED_4)
Added Component: Designator=LED109(WS2812_LED_4)
Added Component: Designator=LED110(WS2812_LED_4)
Added Component: Designator=LED111(WS2812_LED_4)
Added Component: Designator=LED112(WS2812_LED_4)
Added Component: Designator=LED113(WS2812_LED_4)
Added Component: Designator=LED114(WS2812_LED_4)
Added Component: Designator=LED115(WS2812_LED_4)
Added Component: Designator=LED116(WS2812_LED_4)
Added Component: Designator=LED117(WS2812_LED_4)
Added Component: Designator=LED118(WS2812_LED_4)
Added Component: Designator=LED119(WS2812_LED_4)
Added Component: Designator=LED120(WS2812_LED_4)
Added Component: Designator=LED121(WS2812_LED_4)
Added Component: Designator=LED122(WS2812_LED_4)
Added Component: Designator=LED123(WS2812_LED_4)
Added Component: Designator=LED124(WS2812_LED_4)
Added Component: Designator=LED125(WS2812_LED_4)
Added Component: Designator=LED126(WS2812_LED_4)
Added Component: Designator=LED127(WS2812_LED_4)
Added Component: Designator=LED128(WS2812_LED_4)
Added Component: Designator=LED129(WS2812_LED_4)
Added Component: Designator=LED130(WS2812_LED_4)
Added Component: Designator=LED131(WS2812_LED_4)
Added Component: Designator=LED132(WS2812_LED_4)
Added Component: Designator=LED133(WS2812_LED_4)
Added Component: Designator=LED134(WS2812_LED_4)
Added Component: Designator=LED135(WS2812_LED_4)
Added Component: Designator=LED136(WS2812_LED_4)
Added Component: Designator=LED137(WS2812_LED_4)
Added Component: Designator=LED138(WS2812_LED_4)
Added Component: Designator=LED139(WS2812_LED_4)
Added Component: Designator=LED140(WS2812_LED_4)
Added Component: Designator=LED141(WS2812_LED_4)
Added Component: Designator=LED142(WS2812_LED_4)
Added Component: Designator=LED143(WS2812_LED_4)
Added Component: Designator=LED144(WS2812_LED_4)
Added Component: Designator=LED145(WS2812_LED_4)
Added Component: Designator=LED146(WS2812_LED_4)
Added Component: Designator=LED147(WS2812_LED_4)
Added Component: Designator=LED148(WS2812_LED_4)
Added Component: Designator=LED149(WS2812_LED_4)
Added Component: Designator=LED150(WS2812_LED_4)
Added Component: Designator=LED151(WS2812_LED_4)
Added Component: Designator=LED152(WS2812_LED_4)
Added Component: Designator=LED153(WS2812_LED_4)
Added Component: Designator=LED154(WS2812_LED_4)
Added Component: Designator=LED155(WS2812_LED_4)
Added Component: Designator=LED156(WS2812_LED_4)
Added Component: Designator=LED157(WS2812_LED_4)
Added Component: Designator=LED158(WS2812_LED_4)
Added Component: Designator=LED159(WS2812_LED_4)
Added Component: Designator=LED160(WS2812_LED_4)
Added Component: Designator=LED161(WS2812_LED_4)
Added Component: Designator=LED162(WS2812_LED_4)
Added Component: Designator=LED163(WS2812_LED_4)
Added Component: Designator=LED164(WS2812_LED_4)
Added Component: Designator=LED165(WS2812_LED_4)
Added Component: Designator=LED166(WS2812_LED_4)
Added Component: Designator=LED167(WS2812_LED_4)
Added Component: Designator=LED168(WS2812_LED_4)
Added Component: Designator=LED169(WS2812_LED_4)
Added Component: Designator=LED170(WS2812_LED_4)
Added Component: Designator=LED171(WS2812_LED_4)
Added Component: Designator=LED172(WS2812_LED_4)
Added Component: Designator=LED173(WS2812_LED_4)
Added Component: Designator=LED174(WS2812_LED_4)
Added Component: Designator=LED175(WS2812_LED_4)
Added Component: Designator=LED176(WS2812_LED_4)
Added Component: Designator=LED177(WS2812_LED_4)
Added Component: Designator=LED178(WS2812_LED_4)
Added Component: Designator=LED179(WS2812_LED_4)
Added Component: Designator=LED180(WS2812_LED_4)
Added Component: Designator=LED181(WS2812_LED_4)
Added Component: Designator=LED182(WS2812_LED_4)
Added Component: Designator=LED183(WS2812_LED_4)
Added Component: Designator=LED184(WS2812_LED_4)
Added Component: Designator=LED185(WS2812_LED_4)
Added Component: Designator=LED186(WS2812_LED_4)
Added Component: Designator=LED187(WS2812_LED_4)
Added Component: Designator=LED188(WS2812_LED_4)
Added Component: Designator=LED189(WS2812_LED_4)
Added Component: Designator=LED190(WS2812_LED_4)
Added Component: Designator=LED191(WS2812_LED_4)
Added Component: Designator=LED192(WS2812_LED_4)
Added Component: Designator=P1(HDR1X3)
Add component (AddParameter): Name = "LatestRevisionDate"; Value = "17-Jul-2002"; VariantName = "[No Variations]"
Add component (AddParameter): Name = "LatestRevisionNote"; Value = "Re-released for DXP Platform."; VariantName = "[No Variations]"
Add component (AddParameter): Name = "Publisher"; Value = "Altium Limited"; VariantName = "[No Variations]"
Added Pin To Net: NetName=+5 Pin=LED1-1
Added Pin To Net: NetName=+5 Pin=LED2-1
Added Pin To Net: NetName=+5 Pin=LED3-1
Added Pin To Net: NetName=+5 Pin=LED4-1
Added Pin To Net: NetName=+5 Pin=LED5-1
Added Pin To Net: NetName=+5 Pin=LED6-1
Added Pin To Net: NetName=+5 Pin=LED7-1
Added Pin To Net: NetName=+5 Pin=LED8-1
Added Pin To Net: NetName=+5 Pin=LED9-1
Added Pin To Net: NetName=+5 Pin=LED10-1
Added Pin To Net: NetName=+5 Pin=LED11-1
Added Pin To Net: NetName=+5 Pin=LED12-1
Added Pin To Net: NetName=+5 Pin=LED13-1
Added Pin To Net: NetName=+5 Pin=LED14-1
Added Pin To Net: NetName=+5 Pin=LED15-1
Added Pin To Net: NetName=+5 Pin=LED16-1
Added Pin To Net: NetName=+5 Pin=LED17-1
Added Pin To Net: NetName=+5 Pin=LED18-1
Added Pin To Net: NetName=+5 Pin=LED19-1
Added Pin To Net: NetName=+5 Pin=LED20-1
Added Pin To Net: NetName=+5 Pin=LED21-1
Added Pin To Net: NetName=+5 Pin=LED22-1
Added Pin To Net: NetName=+5 Pin=LED23-1
Added Pin To Net: NetName=+5 Pin=LED24-1
Added Pin To Net: NetName=+5 Pin=LED25-1
Added Pin To Net: NetName=+5 Pin=LED26-1
Added Pin To Net: NetName=+5 Pin=LED27-1
Added Pin To Net: NetName=+5 Pin=LED28-1
Added Pin To Net: NetName=+5 Pin=LED29-1
Added Pin To Net: NetName=+5 Pin=LED30-1
Added Pin To Net: NetName=+5 Pin=LED31-1
Added Pin To Net: NetName=+5 Pin=LED32-1
Added Pin To Net: NetName=+5 Pin=LED33-1
Added Pin To Net: NetName=+5 Pin=LED34-1
Added Pin To Net: NetName=+5 Pin=LED35-1
Added Pin To Net: NetName=+5 Pin=LED36-1
Added Pin To Net: NetName=+5 Pin=LED37-1
Added Pin To Net: NetName=+5 Pin=LED38-1
Added Pin To Net: NetName=+5 Pin=LED39-1
Added Pin To Net: NetName=+5 Pin=LED40-1
Added Pin To Net: NetName=+5 Pin=LED41-1
Added Pin To Net: NetName=+5 Pin=LED42-1
Added Pin To Net: NetName=+5 Pin=LED43-1
Added Pin To Net: NetName=+5 Pin=LED44-1
Added Pin To Net: NetName=+5 Pin=LED45-1
Added Pin To Net: NetName=+5 Pin=LED46-1
Added Pin To Net: NetName=+5 Pin=LED47-1
Added Pin To Net: NetName=+5 Pin=LED48-1
Added Pin To Net: NetName=+5 Pin=LED49-1
Added Pin To Net: NetName=+5 Pin=LED50-1
Added Pin To Net: NetName=+5 Pin=LED51-1
Added Pin To Net: NetName=+5 Pin=LED52-1
Added Pin To Net: NetName=+5 Pin=LED53-1
Added Pin To Net: NetName=+5 Pin=LED54-1
Added Pin To Net: NetName=+5 Pin=LED55-1
Added Pin To Net: NetName=+5 Pin=LED56-1
Added Pin To Net: NetName=+5 Pin=LED57-1
Added Pin To Net: NetName=+5 Pin=LED58-1
Added Pin To Net: NetName=+5 Pin=LED59-1
Added Pin To Net: NetName=+5 Pin=LED60-1
Added Pin To Net: NetName=+5 Pin=LED61-1
Added Pin To Net: NetName=+5 Pin=LED62-1
Added Pin To Net: NetName=+5 Pin=LED63-1
Added Pin To Net: NetName=+5 Pin=LED64-1
Added Pin To Net: NetName=+5 Pin=LED65-1
Added Pin To Net: NetName=+5 Pin=LED66-1
Added Pin To Net: NetName=+5 Pin=LED67-1
Added Pin To Net: NetName=+5 Pin=LED68-1
Added Pin To Net: NetName=+5 Pin=LED69-1
Added Pin To Net: NetName=+5 Pin=LED70-1
Added Pin To Net: NetName=+5 Pin=LED71-1
Added Pin To Net: NetName=+5 Pin=LED72-1
Added Pin To Net: NetName=+5 Pin=LED73-1
Added Pin To Net: NetName=+5 Pin=LED74-1
Added Pin To Net: NetName=+5 Pin=LED75-1
Added Pin To Net: NetName=+5 Pin=LED76-1
Added Pin To Net: NetName=+5 Pin=LED77-1
Added Pin To Net: NetName=+5 Pin=LED78-1
Added Pin To Net: NetName=+5 Pin=LED79-1
Added Pin To Net: NetName=+5 Pin=LED80-1
Added Pin To Net: NetName=+5 Pin=LED81-1
Added Pin To Net: NetName=+5 Pin=LED82-1
Added Pin To Net: NetName=+5 Pin=LED83-1
Added Pin To Net: NetName=+5 Pin=LED84-1
Added Pin To Net: NetName=+5 Pin=LED85-1
Added Pin To Net: NetName=+5 Pin=LED86-1
Added Pin To Net: NetName=+5 Pin=LED87-1
Added Pin To Net: NetName=+5 Pin=LED88-1
Added Pin To Net: NetName=+5 Pin=LED89-1
Added Pin To Net: NetName=+5 Pin=LED90-1
Added Pin To Net: NetName=+5 Pin=LED91-1
Added Pin To Net: NetName=+5 Pin=LED92-1
Added Pin To Net: NetName=+5 Pin=LED93-1
Added Pin To Net: NetName=+5 Pin=LED94-1
Added Pin To Net: NetName=+5 Pin=LED95-1
Added Pin To Net: NetName=+5 Pin=LED96-1
Added Pin To Net: NetName=+5 Pin=LED97-1
Added Pin To Net: NetName=+5 Pin=LED98-1
Added Pin To Net: NetName=+5 Pin=LED99-1
Added Pin To Net: NetName=+5 Pin=LED100-1
Added Pin To Net: NetName=+5 Pin=LED101-1
Added Pin To Net: NetName=+5 Pin=LED102-1
Added Pin To Net: NetName=+5 Pin=LED103-1
Added Pin To Net: NetName=+5 Pin=LED104-1
Added Pin To Net: NetName=+5 Pin=LED105-1
Added Pin To Net: NetName=+5 Pin=LED106-1
Added Pin To Net: NetName=+5 Pin=LED107-1
Added Pin To Net: NetName=+5 Pin=LED108-1
Added Pin To Net: NetName=+5 Pin=LED109-1
Added Pin To Net: NetName=+5 Pin=LED110-1
Added Pin To Net: NetName=+5 Pin=LED111-1
Added Pin To Net: NetName=+5 Pin=LED112-1
Added Pin To Net: NetName=+5 Pin=LED113-1
Added Pin To Net: NetName=+5 Pin=LED114-1
Added Pin To Net: NetName=+5 Pin=LED115-1
Added Pin To Net: NetName=+5 Pin=LED116-1
Added Pin To Net: NetName=+5 Pin=LED117-1
Added Pin To Net: NetName=+5 Pin=LED118-1
Added Pin To Net: NetName=+5 Pin=LED119-1
Added Pin To Net: NetName=+5 Pin=LED120-1
Added Pin To Net: NetName=+5 Pin=LED121-1
Added Pin To Net: NetName=+5 Pin=LED122-1
Added Pin To Net: NetName=+5 Pin=LED123-1
Added Pin To Net: NetName=+5 Pin=LED124-1
Added Pin To Net: NetName=+5 Pin=LED125-1
Added Pin To Net: NetName=+5 Pin=LED126-1
Added Pin To Net: NetName=+5 Pin=LED127-1
Added Pin To Net: NetName=+5 Pin=LED128-1
Added Pin To Net: NetName=+5 Pin=LED129-1
Added Pin To Net: NetName=+5 Pin=LED130-1
Added Pin To Net: NetName=+5 Pin=LED131-1
Added Pin To Net: NetName=+5 Pin=LED132-1
Added Pin To Net: NetName=+5 Pin=LED133-1
Added Pin To Net: NetName=+5 Pin=LED134-1
Added Pin To Net: NetName=+5 Pin=LED135-1
Added Pin To Net: NetName=+5 Pin=LED136-1
Added Pin To Net: NetName=+5 Pin=LED137-1
Added Pin To Net: NetName=+5 Pin=LED138-1
Added Pin To Net: NetName=+5 Pin=LED139-1
Added Pin To Net: NetName=+5 Pin=LED140-1
Added Pin To Net: NetName=+5 Pin=LED141-1
Added Pin To Net: NetName=+5 Pin=LED142-1
Added Pin To Net: NetName=+5 Pin=LED143-1
Added Pin To Net: NetName=+5 Pin=LED144-1
Added Pin To Net: NetName=+5 Pin=LED145-1
Added Pin To Net: NetName=+5 Pin=LED146-1
Added Pin To Net: NetName=+5 Pin=LED147-1
Added Pin To Net: NetName=+5 Pin=LED148-1
Added Pin To Net: NetName=+5 Pin=LED149-1
Added Pin To Net: NetName=+5 Pin=LED150-1
Added Pin To Net: NetName=+5 Pin=LED151-1
Added Pin To Net: NetName=+5 Pin=LED152-1
Added Pin To Net: NetName=+5 Pin=LED153-1
Added Pin To Net: NetName=+5 Pin=LED154-1
Added Pin To Net: NetName=+5 Pin=LED155-1
Added Pin To Net: NetName=+5 Pin=LED156-1
Added Pin To Net: NetName=+5 Pin=LED157-1
Added Pin To Net: NetName=+5 Pin=LED158-1
Added Pin To Net: NetName=+5 Pin=LED159-1
Added Pin To Net: NetName=+5 Pin=LED160-1
Added Pin To Net: NetName=+5 Pin=LED161-1
Added Pin To Net: NetName=+5 Pin=LED162-1
Added Pin To Net: NetName=+5 Pin=LED163-1
Added Pin To Net: NetName=+5 Pin=LED164-1
Added Pin To Net: NetName=+5 Pin=LED165-1
Added Pin To Net: NetName=+5 Pin=LED166-1
Added Pin To Net: NetName=+5 Pin=LED167-1
Added Pin To Net: NetName=+5 Pin=LED168-1
Added Pin To Net: NetName=+5 Pin=LED169-1
Added Pin To Net: NetName=+5 Pin=LED170-1
Added Pin To Net: NetName=+5 Pin=LED171-1
Added Pin To Net: NetName=+5 Pin=LED172-1
Added Pin To Net: NetName=+5 Pin=LED173-1
Added Pin To Net: NetName=+5 Pin=LED174-1
Added Pin To Net: NetName=+5 Pin=LED175-1
Added Pin To Net: NetName=+5 Pin=LED176-1
Added Pin To Net: NetName=+5 Pin=LED177-1
Added Pin To Net: NetName=+5 Pin=LED178-1
Added Pin To Net: NetName=+5 Pin=LED179-1
Added Pin To Net: NetName=+5 Pin=LED180-1
Added Pin To Net: NetName=+5 Pin=LED181-1
Added Pin To Net: NetName=+5 Pin=LED182-1
Added Pin To Net: NetName=+5 Pin=LED183-1
Added Pin To Net: NetName=+5 Pin=LED184-1
Added Pin To Net: NetName=+5 Pin=LED185-1
Added Pin To Net: NetName=+5 Pin=LED186-1
Added Pin To Net: NetName=+5 Pin=LED187-1
Added Pin To Net: NetName=+5 Pin=LED188-1
Added Pin To Net: NetName=+5 Pin=LED189-1
Added Pin To Net: NetName=+5 Pin=LED190-1
Added Pin To Net: NetName=+5 Pin=LED191-1
Added Pin To Net: NetName=+5 Pin=LED192-1
Added Pin To Net: NetName=+5 Pin=P1-1
Added Net: Name=+5
Added Pin To Net: NetName=GND Pin=C8-1
Added Pin To Net: NetName=GND Pin=LED1-3
Added Pin To Net: NetName=GND Pin=LED2-3
Added Pin To Net: NetName=GND Pin=LED3-3
Added Pin To Net: NetName=GND Pin=LED4-3
Added Pin To Net: NetName=GND Pin=LED5-3
Added Pin To Net: NetName=GND Pin=LED6-3
Added Pin To Net: NetName=GND Pin=LED7-3
Added Pin To Net: NetName=GND Pin=LED8-3
Added Pin To Net: NetName=GND Pin=LED9-3
Added Pin To Net: NetName=GND Pin=LED10-3
Added Pin To Net: NetName=GND Pin=LED11-3
Added Pin To Net: NetName=GND Pin=LED12-3
Added Pin To Net: NetName=GND Pin=LED13-3
Added Pin To Net: NetName=GND Pin=LED14-3
Added Pin To Net: NetName=GND Pin=LED15-3
Added Pin To Net: NetName=GND Pin=LED16-3
Added Pin To Net: NetName=GND Pin=LED17-3
Added Pin To Net: NetName=GND Pin=LED18-3
Added Pin To Net: NetName=GND Pin=LED19-3
Added Pin To Net: NetName=GND Pin=LED20-3
Added Pin To Net: NetName=GND Pin=LED21-3
Added Pin To Net: NetName=GND Pin=LED22-3
Added Pin To Net: NetName=GND Pin=LED23-3
Added Pin To Net: NetName=GND Pin=LED24-3
Added Pin To Net: NetName=GND Pin=LED25-3
Added Pin To Net: NetName=GND Pin=LED26-3
Added Pin To Net: NetName=GND Pin=LED27-3
Added Pin To Net: NetName=GND Pin=LED28-3
Added Pin To Net: NetName=GND Pin=LED29-3
Added Pin To Net: NetName=GND Pin=LED30-3
Added Pin To Net: NetName=GND Pin=LED31-3
Added Pin To Net: NetName=GND Pin=LED32-3
Added Pin To Net: NetName=GND Pin=LED33-3
Added Pin To Net: NetName=GND Pin=LED34-3
Added Pin To Net: NetName=GND Pin=LED35-3
Added Pin To Net: NetName=GND Pin=LED36-3
Added Pin To Net: NetName=GND Pin=LED37-3
Added Pin To Net: NetName=GND Pin=LED38-3
Added Pin To Net: NetName=GND Pin=LED39-3
Added Pin To Net: NetName=GND Pin=LED40-3
Added Pin To Net: NetName=GND Pin=LED41-3
Added Pin To Net: NetName=GND Pin=LED42-3
Added Pin To Net: NetName=GND Pin=LED43-3
Added Pin To Net: NetName=GND Pin=LED44-3
Added Pin To Net: NetName=GND Pin=LED45-3
Added Pin To Net: NetName=GND Pin=LED46-3
Added Pin To Net: NetName=GND Pin=LED47-3
Added Pin To Net: NetName=GND Pin=LED48-3
Added Pin To Net: NetName=GND Pin=LED49-3
Added Pin To Net: NetName=GND Pin=LED50-3
Added Pin To Net: NetName=GND Pin=LED51-3
Added Pin To Net: NetName=GND Pin=LED52-3
Added Pin To Net: NetName=GND Pin=LED53-3
Added Pin To Net: NetName=GND Pin=LED54-3
Added Pin To Net: NetName=GND Pin=LED55-3
Added Pin To Net: NetName=GND Pin=LED56-3
Added Pin To Net: NetName=GND Pin=LED57-3
Added Pin To Net: NetName=GND Pin=LED58-3
Added Pin To Net: NetName=GND Pin=LED59-3
Added Pin To Net: NetName=GND Pin=LED60-3
Added Pin To Net: NetName=GND Pin=LED61-3
Added Pin To Net: NetName=GND Pin=LED62-3
Added Pin To Net: NetName=GND Pin=LED63-3
Added Pin To Net: NetName=GND Pin=LED64-3
Added Pin To Net: NetName=GND Pin=LED65-3
Added Pin To Net: NetName=GND Pin=LED66-3
Added Pin To Net: NetName=GND Pin=LED67-3
Added Pin To Net: NetName=GND Pin=LED68-3
Added Pin To Net: NetName=GND Pin=LED69-3
Added Pin To Net: NetName=GND Pin=LED70-3
Added Pin To Net: NetName=GND Pin=LED71-3
Added Pin To Net: NetName=GND Pin=LED72-3
Added Pin To Net: NetName=GND Pin=LED73-3
Added Pin To Net: NetName=GND Pin=LED74-3
Added Pin To Net: NetName=GND Pin=LED75-3
Added Pin To Net: NetName=GND Pin=LED76-3
Added Pin To Net: NetName=GND Pin=LED77-3
Added Pin To Net: NetName=GND Pin=LED78-3
Added Pin To Net: NetName=GND Pin=LED79-3
Added Pin To Net: NetName=GND Pin=LED80-3
Added Pin To Net: NetName=GND Pin=LED81-3
Added Pin To Net: NetName=GND Pin=LED82-3
Added Pin To Net: NetName=GND Pin=LED83-3
Added Pin To Net: NetName=GND Pin=LED84-3
Added Pin To Net: NetName=GND Pin=LED85-3
Added Pin To Net: NetName=GND Pin=LED86-3
Added Pin To Net: NetName=GND Pin=LED87-3
Added Pin To Net: NetName=GND Pin=LED88-3
Added Pin To Net: NetName=GND Pin=LED89-3
Added Pin To Net: NetName=GND Pin=LED90-3
Added Pin To Net: NetName=GND Pin=LED91-3
Added Pin To Net: NetName=GND Pin=LED92-3
Added Pin To Net: NetName=GND Pin=LED93-3
Added Pin To Net: NetName=GND Pin=LED94-3
Added Pin To Net: NetName=GND Pin=LED95-3
Added Pin To Net: NetName=GND Pin=LED96-3
Added Pin To Net: NetName=GND Pin=LED97-3
Added Pin To Net: NetName=GND Pin=LED98-3
Added Pin To Net: NetName=GND Pin=LED99-3
Added Pin To Net: NetName=GND Pin=LED100-3
Added Pin To Net: NetName=GND Pin=LED101-3
Added Pin To Net: NetName=GND Pin=LED102-3
Added Pin To Net: NetName=GND Pin=LED103-3
Added Pin To Net: NetName=GND Pin=LED104-3
Added Pin To Net: NetName=GND Pin=LED105-3
Added Pin To Net: NetName=GND Pin=LED106-3
Added Pin To Net: NetName=GND Pin=LED107-3
Added Pin To Net: NetName=GND Pin=LED108-3
Added Pin To Net: NetName=GND Pin=LED109-3
Added Pin To Net: NetName=GND Pin=LED110-3
Added Pin To Net: NetName=GND Pin=LED111-3
Added Pin To Net: NetName=GND Pin=LED112-3
Added Pin To Net: NetName=GND Pin=LED113-3
Added Pin To Net: NetName=GND Pin=LED114-3
Added Pin To Net: NetName=GND Pin=LED115-3
Added Pin To Net: NetName=GND Pin=LED116-3
Added Pin To Net: NetName=GND Pin=LED117-3
Added Pin To Net: NetName=GND Pin=LED118-3
Added Pin To Net: NetName=GND Pin=LED119-3
Added Pin To Net: NetName=GND Pin=LED120-3
Added Pin To Net: NetName=GND Pin=LED121-3
Added Pin To Net: NetName=GND Pin=LED122-3
Added Pin To Net: NetName=GND Pin=LED123-3
Added Pin To Net: NetName=GND Pin=LED124-3
Added Pin To Net: NetName=GND Pin=LED125-3
Added Pin To Net: NetName=GND Pin=LED126-3
Added Pin To Net: NetName=GND Pin=LED127-3
Added Pin To Net: NetName=GND Pin=LED128-3
Added Pin To Net: NetName=GND Pin=LED129-3
Added Pin To Net: NetName=GND Pin=LED130-3
Added Pin To Net: NetName=GND Pin=LED131-3
Added Pin To Net: NetName=GND Pin=LED132-3
Added Pin To Net: NetName=GND Pin=LED133-3
Added Pin To Net: NetName=GND Pin=LED134-3
Added Pin To Net: NetName=GND Pin=LED135-3
Added Pin To Net: NetName=GND Pin=LED136-3
Added Pin To Net: NetName=GND Pin=LED137-3
Added Pin To Net: NetName=GND Pin=LED138-3
Added Pin To Net: NetName=GND Pin=LED139-3
Added Pin To Net: NetName=GND Pin=LED140-3
Added Pin To Net: NetName=GND Pin=LED141-3
Added Pin To Net: NetName=GND Pin=LED142-3
Added Pin To Net: NetName=GND Pin=LED143-3
Added Pin To Net: NetName=GND Pin=LED144-3
Added Pin To Net: NetName=GND Pin=LED145-3
Added Pin To Net: NetName=GND Pin=LED146-3
Added Pin To Net: NetName=GND Pin=LED147-3
Added Pin To Net: NetName=GND Pin=LED148-3
Added Pin To Net: NetName=GND Pin=LED149-3
Added Pin To Net: NetName=GND Pin=LED150-3
Added Pin To Net: NetName=GND Pin=LED151-3
Added Pin To Net: NetName=GND Pin=LED152-3
Added Pin To Net: NetName=GND Pin=LED153-3
Added Pin To Net: NetName=GND Pin=LED154-3
Added Pin To Net: NetName=GND Pin=LED155-3
Added Pin To Net: NetName=GND Pin=LED156-3
Added Pin To Net: NetName=GND Pin=LED157-3
Added Pin To Net: NetName=GND Pin=LED158-3
Added Pin To Net: NetName=GND Pin=LED159-3
Added Pin To Net: NetName=GND Pin=LED160-3
Added Pin To Net: NetName=GND Pin=LED161-3
Added Pin To Net: NetName=GND Pin=LED162-3
Added Pin To Net: NetName=GND Pin=LED163-3
Added Pin To Net: NetName=GND Pin=LED164-3
Added Pin To Net: NetName=GND Pin=LED165-3
Added Pin To Net: NetName=GND Pin=LED166-3
Added Pin To Net: NetName=GND Pin=LED167-3
Added Pin To Net: NetName=GND Pin=LED168-3
Added Pin To Net: NetName=GND Pin=LED169-3
Added Pin To Net: NetName=GND Pin=LED170-3
Added Pin To Net: NetName=GND Pin=LED171-3
Added Pin To Net: NetName=GND Pin=LED172-3
Added Pin To Net: NetName=GND Pin=LED173-3
Added Pin To Net: NetName=GND Pin=LED174-3
Added Pin To Net: NetName=GND Pin=LED175-3
Added Pin To Net: NetName=GND Pin=LED176-3
Added Pin To Net: NetName=GND Pin=LED177-3
Added Pin To Net: NetName=GND Pin=LED178-3
Added Pin To Net: NetName=GND Pin=LED179-3
Added Pin To Net: NetName=GND Pin=LED180-3
Added Pin To Net: NetName=GND Pin=LED181-3
Added Pin To Net: NetName=GND Pin=LED182-3
Added Pin To Net: NetName=GND Pin=LED183-3
Added Pin To Net: NetName=GND Pin=LED184-3
Added Pin To Net: NetName=GND Pin=LED185-3
Added Pin To Net: NetName=GND Pin=LED186-3
Added Pin To Net: NetName=GND Pin=LED187-3
Added Pin To Net: NetName=GND Pin=LED188-3
Added Pin To Net: NetName=GND Pin=LED189-3
Added Pin To Net: NetName=GND Pin=LED190-3
Added Pin To Net: NetName=GND Pin=LED191-3
Added Pin To Net: NetName=GND Pin=LED192-3
Added Pin To Net: NetName=GND Pin=P1-3
Added Net: Name=GND
Added Pin To Net: NetName=NetC1_1 Pin=C1-1
Added Pin To Net: NetName=NetC1_1 Pin=LED25-2
Added Net: Name=NetC1_1
Added Pin To Net: NetName=NetC1_2 Pin=C1-2
Added Pin To Net: NetName=NetC1_2 Pin=LED24-4
Added Net: Name=NetC1_2
Added Pin To Net: NetName=NetC2_1 Pin=C2-1
Added Pin To Net: NetName=NetC2_1 Pin=LED49-2
Added Net: Name=NetC2_1
Added Pin To Net: NetName=NetC2_2 Pin=C2-2
Added Pin To Net: NetName=NetC2_2 Pin=LED48-4
Added Net: Name=NetC2_2
Added Pin To Net: NetName=NetC3_1 Pin=C3-1
Added Pin To Net: NetName=NetC3_1 Pin=LED73-2
Added Net: Name=NetC3_1
Added Pin To Net: NetName=NetC3_2 Pin=C3-2
Added Pin To Net: NetName=NetC3_2 Pin=LED72-4
Added Net: Name=NetC3_2
Added Pin To Net: NetName=NetC4_1 Pin=C4-1
Added Pin To Net: NetName=NetC4_1 Pin=LED97-2
Added Net: Name=NetC4_1
Added Pin To Net: NetName=NetC4_2 Pin=C4-2
Added Pin To Net: NetName=NetC4_2 Pin=LED96-4
Added Net: Name=NetC4_2
Added Pin To Net: NetName=NetC5_1 Pin=C5-1
Added Pin To Net: NetName=NetC5_1 Pin=LED121-2
Added Net: Name=NetC5_1
Added Pin To Net: NetName=NetC5_2 Pin=C5-2
Added Pin To Net: NetName=NetC5_2 Pin=LED120-4
Added Net: Name=NetC5_2
Added Pin To Net: NetName=NetC6_1 Pin=C6-1
Added Pin To Net: NetName=NetC6_1 Pin=LED145-2
Added Net: Name=NetC6_1
Added Pin To Net: NetName=NetC6_2 Pin=C6-2
Added Pin To Net: NetName=NetC6_2 Pin=LED144-4
Added Net: Name=NetC6_2
Added Pin To Net: NetName=NetC7_1 Pin=C7-1
Added Pin To Net: NetName=NetC7_1 Pin=LED169-2
Added Net: Name=NetC7_1
Added Pin To Net: NetName=NetC7_2 Pin=C7-2
Added Pin To Net: NetName=NetC7_2 Pin=LED168-4
Added Net: Name=NetC7_2
Added Pin To Net: NetName=NetC8_2 Pin=C8-2
Added Pin To Net: NetName=NetC8_2 Pin=LED192-4
Added Net: Name=NetC8_2
Added Pin To Net: NetName=NetLED1_2 Pin=LED1-2
Added Pin To Net: NetName=NetLED1_2 Pin=P1-2
Added Net: Name=NetLED1_2
Added Pin To Net: NetName=NetLED1_4 Pin=LED1-4
Added Pin To Net: NetName=NetLED1_4 Pin=LED2-2
Added Net: Name=NetLED1_4
Added Pin To Net: NetName=NetLED2_4 Pin=LED2-4
Added Pin To Net: NetName=NetLED2_4 Pin=LED3-2
Added Net: Name=NetLED2_4
Added Pin To Net: NetName=NetLED3_4 Pin=LED3-4
Added Pin To Net: NetName=NetLED3_4 Pin=LED4-2
Added Net: Name=NetLED3_4
Added Pin To Net: NetName=NetLED4_4 Pin=LED4-4
Added Pin To Net: NetName=NetLED4_4 Pin=LED5-2
Added Net: Name=NetLED4_4
Added Pin To Net: NetName=NetLED5_4 Pin=LED5-4
Added Pin To Net: NetName=NetLED5_4 Pin=LED6-2
Added Net: Name=NetLED5_4
Added Pin To Net: NetName=NetLED6_4 Pin=LED6-4
Added Pin To Net: NetName=NetLED6_4 Pin=LED7-2
Added Net: Name=NetLED6_4
Added Pin To Net: NetName=NetLED7_4 Pin=LED7-4
Added Pin To Net: NetName=NetLED7_4 Pin=LED8-2
Added Net: Name=NetLED7_4
Added Pin To Net: NetName=NetLED8_4 Pin=LED8-4
Added Pin To Net: NetName=NetLED8_4 Pin=LED9-2
Added Net: Name=NetLED8_4
Added Pin To Net: NetName=NetLED9_4 Pin=LED9-4
Added Pin To Net: NetName=NetLED9_4 Pin=LED10-2
Added Net: Name=NetLED9_4
Added Pin To Net: NetName=NetLED10_4 Pin=LED10-4
Added Pin To Net: NetName=NetLED10_4 Pin=LED11-2
Added Net: Name=NetLED10_4
Added Pin To Net: NetName=NetLED11_4 Pin=LED11-4
Added Pin To Net: NetName=NetLED11_4 Pin=LED12-2
Added Net: Name=NetLED11_4
Added Pin To Net: NetName=NetLED12_4 Pin=LED12-4
Added Pin To Net: NetName=NetLED12_4 Pin=LED13-2
Added Net: Name=NetLED12_4
Added Pin To Net: NetName=NetLED13_4 Pin=LED13-4
Added Pin To Net: NetName=NetLED13_4 Pin=LED14-2
Added Net: Name=NetLED13_4
Added Pin To Net: NetName=NetLED14_4 Pin=LED14-4
Added Pin To Net: NetName=NetLED14_4 Pin=LED15-2
Added Net: Name=NetLED14_4
Added Pin To Net: NetName=NetLED15_4 Pin=LED15-4
Added Pin To Net: NetName=NetLED15_4 Pin=LED16-2
Added Net: Name=NetLED15_4
Added Pin To Net: NetName=NetLED16_4 Pin=LED16-4
Added Pin To Net: NetName=NetLED16_4 Pin=LED17-2
Added Net: Name=NetLED16_4
Added Pin To Net: NetName=NetLED17_4 Pin=LED17-4
Added Pin To Net: NetName=NetLED17_4 Pin=LED18-2
Added Net: Name=NetLED17_4
Added Pin To Net: NetName=NetLED18_4 Pin=LED18-4
Added Pin To Net: NetName=NetLED18_4 Pin=LED19-2
Added Net: Name=NetLED18_4
Added Pin To Net: NetName=NetLED19_4 Pin=LED19-4
Added Pin To Net: NetName=NetLED19_4 Pin=LED20-2
Added Net: Name=NetLED19_4
Added Pin To Net: NetName=NetLED20_4 Pin=LED20-4
Added Pin To Net: NetName=NetLED20_4 Pin=LED21-2
Added Net: Name=NetLED20_4
Added Pin To Net: NetName=NetLED21_4 Pin=LED21-4
Added Pin To Net: NetName=NetLED21_4 Pin=LED22-2
Added Net: Name=NetLED21_4
Added Pin To Net: NetName=NetLED22_4 Pin=LED22-4
Added Pin To Net: NetName=NetLED22_4 Pin=LED23-2
Added Net: Name=NetLED22_4
Added Pin To Net: NetName=NetLED23_4 Pin=LED23-4
Added Pin To Net: NetName=NetLED23_4 Pin=LED24-2
Added Net: Name=NetLED23_4
Added Pin To Net: NetName=NetLED25_4 Pin=LED25-4
Added Pin To Net: NetName=NetLED25_4 Pin=LED26-2
Added Net: Name=NetLED25_4
Added Pin To Net: NetName=NetLED26_4 Pin=LED26-4
Added Pin To Net: NetName=NetLED26_4 Pin=LED27-2
Added Net: Name=NetLED26_4
Added Pin To Net: NetName=NetLED27_4 Pin=LED27-4
Added Pin To Net: NetName=NetLED27_4 Pin=LED28-2
Added Net: Name=NetLED27_4
Added Pin To Net: NetName=NetLED28_4 Pin=LED28-4
Added Pin To Net: NetName=NetLED28_4 Pin=LED29-2
Added Net: Name=NetLED28_4
Added Pin To Net: NetName=NetLED29_4 Pin=LED29-4
Added Pin To Net: NetName=NetLED29_4 Pin=LED30-2
Added Net: Name=NetLED29_4
Added Pin To Net: NetName=NetLED30_4 Pin=LED30-4
Added Pin To Net: NetName=NetLED30_4 Pin=LED31-2
Added Net: Name=NetLED30_4
Added Pin To Net: NetName=NetLED31_4 Pin=LED31-4
Added Pin To Net: NetName=NetLED31_4 Pin=LED32-2
Added Net: Name=NetLED31_4
Added Pin To Net: NetName=NetLED32_4 Pin=LED32-4
Added Pin To Net: NetName=NetLED32_4 Pin=LED33-2
Added Net: Name=NetLED32_4
Added Pin To Net: NetName=NetLED33_4 Pin=LED33-4
Added Pin To Net: NetName=NetLED33_4 Pin=LED34-2
Added Net: Name=NetLED33_4
Added Pin To Net: NetName=NetLED34_4 Pin=LED34-4
Added Pin To Net: NetName=NetLED34_4 Pin=LED35-2
Added Net: Name=NetLED34_4
Added Pin To Net: NetName=NetLED35_4 Pin=LED35-4
Added Pin To Net: NetName=NetLED35_4 Pin=LED36-2
Added Net: Name=NetLED35_4
Added Pin To Net: NetName=NetLED36_4 Pin=LED36-4
Added Pin To Net: NetName=NetLED36_4 Pin=LED37-2
Added Net: Name=NetLED36_4
Added Pin To Net: NetName=NetLED37_4 Pin=LED37-4
Added Pin To Net: NetName=NetLED37_4 Pin=LED38-2
Added Net: Name=NetLED37_4
Added Pin To Net: NetName=NetLED38_4 Pin=LED38-4
Added Pin To Net: NetName=NetLED38_4 Pin=LED39-2
Added Net: Name=NetLED38_4
Added Pin To Net: NetName=NetLED39_4 Pin=LED39-4
Added Pin To Net: NetName=NetLED39_4 Pin=LED40-2
Added Net: Name=NetLED39_4
Added Pin To Net: NetName=NetLED40_4 Pin=LED40-4
Added Pin To Net: NetName=NetLED40_4 Pin=LED41-2
Added Net: Name=NetLED40_4
Added Pin To Net: NetName=NetLED41_4 Pin=LED41-4
Added Pin To Net: NetName=NetLED41_4 Pin=LED42-2
Added Net: Name=NetLED41_4
Added Pin To Net: NetName=NetLED42_4 Pin=LED42-4
Added Pin To Net: NetName=NetLED42_4 Pin=LED43-2
Added Net: Name=NetLED42_4
Added Pin To Net: NetName=NetLED43_4 Pin=LED43-4
Added Pin To Net: NetName=NetLED43_4 Pin=LED44-2
Added Net: Name=NetLED43_4
Added Pin To Net: NetName=NetLED44_4 Pin=LED44-4
Added Pin To Net: NetName=NetLED44_4 Pin=LED45-2
Added Net: Name=NetLED44_4
Added Pin To Net: NetName=NetLED45_4 Pin=LED45-4
Added Pin To Net: NetName=NetLED45_4 Pin=LED46-2
Added Net: Name=NetLED45_4
Added Pin To Net: NetName=NetLED46_4 Pin=LED46-4
Added Pin To Net: NetName=NetLED46_4 Pin=LED47-2
Added Net: Name=NetLED46_4
Added Pin To Net: NetName=NetLED47_4 Pin=LED47-4
Added Pin To Net: NetName=NetLED47_4 Pin=LED48-2
Added Net: Name=NetLED47_4
Added Pin To Net: NetName=NetLED49_4 Pin=LED49-4
Added Pin To Net: NetName=NetLED49_4 Pin=LED50-2
Added Net: Name=NetLED49_4
Added Pin To Net: NetName=NetLED50_4 Pin=LED50-4
Added Pin To Net: NetName=NetLED50_4 Pin=LED51-2
Added Net: Name=NetLED50_4
Added Pin To Net: NetName=NetLED51_4 Pin=LED51-4
Added Pin To Net: NetName=NetLED51_4 Pin=LED52-2
Added Net: Name=NetLED51_4
Added Pin To Net: NetName=NetLED52_4 Pin=LED52-4
Added Pin To Net: NetName=NetLED52_4 Pin=LED53-2
Added Net: Name=NetLED52_4
Added Pin To Net: NetName=NetLED53_4 Pin=LED53-4
Added Pin To Net: NetName=NetLED53_4 Pin=LED54-2
Added Net: Name=NetLED53_4
Added Pin To Net: NetName=NetLED54_4 Pin=LED54-4
Added Pin To Net: NetName=NetLED54_4 Pin=LED55-2
Added Net: Name=NetLED54_4
Added Pin To Net: NetName=NetLED55_4 Pin=LED55-4
Added Pin To Net: NetName=NetLED55_4 Pin=LED56-2
Added Net: Name=NetLED55_4
Added Pin To Net: NetName=NetLED56_4 Pin=LED56-4
Added Pin To Net: NetName=NetLED56_4 Pin=LED57-2
Added Net: Name=NetLED56_4
Added Pin To Net: NetName=NetLED57_4 Pin=LED57-4
Added Pin To Net: NetName=NetLED57_4 Pin=LED58-2
Added Net: Name=NetLED57_4
Added Pin To Net: NetName=NetLED58_4 Pin=LED58-4
Added Pin To Net: NetName=NetLED58_4 Pin=LED59-2
Added Net: Name=NetLED58_4
Added Pin To Net: NetName=NetLED59_4 Pin=LED59-4
Added Pin To Net: NetName=NetLED59_4 Pin=LED60-2
Added Net: Name=NetLED59_4
Added Pin To Net: NetName=NetLED60_4 Pin=LED60-4
Added Pin To Net: NetName=NetLED60_4 Pin=LED61-2
Added Net: Name=NetLED60_4
Added Pin To Net: NetName=NetLED61_4 Pin=LED61-4
Added Pin To Net: NetName=NetLED61_4 Pin=LED62-2
Added Net: Name=NetLED61_4
Added Pin To Net: NetName=NetLED62_4 Pin=LED62-4
Added Pin To Net: NetName=NetLED62_4 Pin=LED63-2
Added Net: Name=NetLED62_4
Added Pin To Net: NetName=NetLED63_4 Pin=LED63-4
Added Pin To Net: NetName=NetLED63_4 Pin=LED64-2
Added Net: Name=NetLED63_4
Added Pin To Net: NetName=NetLED64_4 Pin=LED64-4
Added Pin To Net: NetName=NetLED64_4 Pin=LED65-2
Added Net: Name=NetLED64_4
Added Pin To Net: NetName=NetLED65_4 Pin=LED65-4
Added Pin To Net: NetName=NetLED65_4 Pin=LED66-2
Added Net: Name=NetLED65_4
Added Pin To Net: NetName=NetLED66_4 Pin=LED66-4
Added Pin To Net: NetName=NetLED66_4 Pin=LED67-2
Added Net: Name=NetLED66_4
Added Pin To Net: NetName=NetLED67_4 Pin=LED67-4
Added Pin To Net: NetName=NetLED67_4 Pin=LED68-2
Added Net: Name=NetLED67_4
Added Pin To Net: NetName=NetLED68_4 Pin=LED68-4
Added Pin To Net: NetName=NetLED68_4 Pin=LED69-2
Added Net: Name=NetLED68_4
Added Pin To Net: NetName=NetLED69_4 Pin=LED69-4
Added Pin To Net: NetName=NetLED69_4 Pin=LED70-2
Added Net: Name=NetLED69_4
Added Pin To Net: NetName=NetLED70_4 Pin=LED70-4
Added Pin To Net: NetName=NetLED70_4 Pin=LED71-2
Added Net: Name=NetLED70_4
Added Pin To Net: NetName=NetLED71_4 Pin=LED71-4
Added Pin To Net: NetName=NetLED71_4 Pin=LED72-2
Added Net: Name=NetLED71_4
Added Pin To Net: NetName=NetLED73_4 Pin=LED73-4
Added Pin To Net: NetName=NetLED73_4 Pin=LED74-2
Added Net: Name=NetLED73_4
Added Pin To Net: NetName=NetLED74_4 Pin=LED74-4
Added Pin To Net: NetName=NetLED74_4 Pin=LED75-2
Added Net: Name=NetLED74_4
Added Pin To Net: NetName=NetLED75_4 Pin=LED75-4
Added Pin To Net: NetName=NetLED75_4 Pin=LED76-2
Added Net: Name=NetLED75_4
Added Pin To Net: NetName=NetLED76_4 Pin=LED76-4
Added Pin To Net: NetName=NetLED76_4 Pin=LED77-2
Added Net: Name=NetLED76_4
Added Pin To Net: NetName=NetLED77_4 Pin=LED77-4
Added Pin To Net: NetName=NetLED77_4 Pin=LED78-2
Added Net: Name=NetLED77_4
Added Pin To Net: NetName=NetLED78_4 Pin=LED78-4
Added Pin To Net: NetName=NetLED78_4 Pin=LED79-2
Added Net: Name=NetLED78_4
Added Pin To Net: NetName=NetLED79_4 Pin=LED79-4
Added Pin To Net: NetName=NetLED79_4 Pin=LED80-2
Added Net: Name=NetLED79_4
Added Pin To Net: NetName=NetLED80_4 Pin=LED80-4
Added Pin To Net: NetName=NetLED80_4 Pin=LED81-2
Added Net: Name=NetLED80_4
Added Pin To Net: NetName=NetLED81_4 Pin=LED81-4
Added Pin To Net: NetName=NetLED81_4 Pin=LED82-2
Added Net: Name=NetLED81_4
Added Pin To Net: NetName=NetLED82_4 Pin=LED82-4
Added Pin To Net: NetName=NetLED82_4 Pin=LED83-2
Added Net: Name=NetLED82_4
Added Pin To Net: NetName=NetLED83_4 Pin=LED83-4
Added Pin To Net: NetName=NetLED83_4 Pin=LED84-2
Added Net: Name=NetLED83_4
Added Pin To Net: NetName=NetLED84_4 Pin=LED84-4
Added Pin To Net: NetName=NetLED84_4 Pin=LED85-2
Added Net: Name=NetLED84_4
Added Pin To Net: NetName=NetLED85_4 Pin=LED85-4
Added Pin To Net: NetName=NetLED85_4 Pin=LED86-2
Added Net: Name=NetLED85_4
Added Pin To Net: NetName=NetLED86_4 Pin=LED86-4
Added Pin To Net: NetName=NetLED86_4 Pin=LED87-2
Added Net: Name=NetLED86_4
Added Pin To Net: NetName=NetLED87_4 Pin=LED87-4
Added Pin To Net: NetName=NetLED87_4 Pin=LED88-2
Added Net: Name=NetLED87_4
Added Pin To Net: NetName=NetLED88_4 Pin=LED88-4
Added Pin To Net: NetName=NetLED88_4 Pin=LED89-2
Added Net: Name=NetLED88_4
Added Pin To Net: NetName=NetLED89_4 Pin=LED89-4
Added Pin To Net: NetName=NetLED89_4 Pin=LED90-2
Added Net: Name=NetLED89_4
Added Pin To Net: NetName=NetLED90_4 Pin=LED90-4
Added Pin To Net: NetName=NetLED90_4 Pin=LED91-2
Added Net: Name=NetLED90_4
Added Pin To Net: NetName=NetLED91_4 Pin=LED91-4
Added Pin To Net: NetName=NetLED91_4 Pin=LED92-2
Added Net: Name=NetLED91_4
Added Pin To Net: NetName=NetLED92_4 Pin=LED92-4
Added Pin To Net: NetName=NetLED92_4 Pin=LED93-2
Added Net: Name=NetLED92_4
Added Pin To Net: NetName=NetLED93_4 Pin=LED93-4
Added Pin To Net: NetName=NetLED93_4 Pin=LED94-2
Added Net: Name=NetLED93_4
Added Pin To Net: NetName=NetLED94_4 Pin=LED94-4
Added Pin To Net: NetName=NetLED94_4 Pin=LED95-2
Added Net: Name=NetLED94_4
Added Pin To Net: NetName=NetLED95_4 Pin=LED95-4
Added Pin To Net: NetName=NetLED95_4 Pin=LED96-2
Added Net: Name=NetLED95_4
Added Pin To Net: NetName=NetLED97_4 Pin=LED97-4
Added Pin To Net: NetName=NetLED97_4 Pin=LED98-2
Added Net: Name=NetLED97_4
Added Pin To Net: NetName=NetLED98_4 Pin=LED98-4
Added Pin To Net: NetName=NetLED98_4 Pin=LED99-2
Added Net: Name=NetLED98_4
Added Pin To Net: NetName=NetLED99_4 Pin=LED99-4
Added Pin To Net: NetName=NetLED99_4 Pin=LED100-2
Added Net: Name=NetLED99_4
Added Pin To Net: NetName=NetLED100_4 Pin=LED100-4
Added Pin To Net: NetName=NetLED100_4 Pin=LED101-2
Added Net: Name=NetLED100_4
Added Pin To Net: NetName=NetLED101_4 Pin=LED101-4
Added Pin To Net: NetName=NetLED101_4 Pin=LED102-2
Added Net: Name=NetLED101_4
Added Pin To Net: NetName=NetLED102_4 Pin=LED102-4
Added Pin To Net: NetName=NetLED102_4 Pin=LED103-2
Added Net: Name=NetLED102_4
Added Pin To Net: NetName=NetLED103_4 Pin=LED103-4
Added Pin To Net: NetName=NetLED103_4 Pin=LED104-2
Added Net: Name=NetLED103_4
Added Pin To Net: NetName=NetLED104_4 Pin=LED104-4
Added Pin To Net: NetName=NetLED104_4 Pin=LED105-2
Added Net: Name=NetLED104_4
Added Pin To Net: NetName=NetLED105_4 Pin=LED105-4
Added Pin To Net: NetName=NetLED105_4 Pin=LED106-2
Added Net: Name=NetLED105_4
Added Pin To Net: NetName=NetLED106_4 Pin=LED106-4
Added Pin To Net: NetName=NetLED106_4 Pin=LED107-2
Added Net: Name=NetLED106_4
Added Pin To Net: NetName=NetLED107_4 Pin=LED107-4
Added Pin To Net: NetName=NetLED107_4 Pin=LED108-2
Added Net: Name=NetLED107_4
Added Pin To Net: NetName=NetLED108_4 Pin=LED108-4
Added Pin To Net: NetName=NetLED108_4 Pin=LED109-2
Added Net: Name=NetLED108_4
Added Pin To Net: NetName=NetLED109_4 Pin=LED109-4
Added Pin To Net: NetName=NetLED109_4 Pin=LED110-2
Added Net: Name=NetLED109_4
Added Pin To Net: NetName=NetLED110_4 Pin=LED110-4
Added Pin To Net: NetName=NetLED110_4 Pin=LED111-2
Added Net: Name=NetLED110_4
Added Pin To Net: NetName=NetLED111_4 Pin=LED111-4
Added Pin To Net: NetName=NetLED111_4 Pin=LED112-2
Added Net: Name=NetLED111_4
Added Pin To Net: NetName=NetLED112_4 Pin=LED112-4
Added Pin To Net: NetName=NetLED112_4 Pin=LED113-2
Added Net: Name=NetLED112_4
Added Pin To Net: NetName=NetLED113_4 Pin=LED113-4
Added Pin To Net: NetName=NetLED113_4 Pin=LED114-2
Added Net: Name=NetLED113_4
Added Pin To Net: NetName=NetLED114_4 Pin=LED114-4
Added Pin To Net: NetName=NetLED114_4 Pin=LED115-2
Added Net: Name=NetLED114_4
Added Pin To Net: NetName=NetLED115_4 Pin=LED115-4
Added Pin To Net: NetName=NetLED115_4 Pin=LED116-2
Added Net: Name=NetLED115_4
Added Pin To Net: NetName=NetLED116_4 Pin=LED116-4
Added Pin To Net: NetName=NetLED116_4 Pin=LED117-2
Added Net: Name=NetLED116_4
Added Pin To Net: NetName=NetLED117_4 Pin=LED117-4
Added Pin To Net: NetName=NetLED117_4 Pin=LED118-2
Added Net: Name=NetLED117_4
Added Pin To Net: NetName=NetLED118_4 Pin=LED118-4
Added Pin To Net: NetName=NetLED118_4 Pin=LED119-2
Added Net: Name=NetLED118_4
Added Pin To Net: NetName=NetLED119_4 Pin=LED119-4
Added Pin To Net: NetName=NetLED119_4 Pin=LED120-2
Added Net: Name=NetLED119_4
Added Pin To Net: NetName=NetLED121_4 Pin=LED121-4
Added Pin To Net: NetName=NetLED121_4 Pin=LED122-2
Added Net: Name=NetLED121_4
Added Pin To Net: NetName=NetLED122_4 Pin=LED122-4
Added Pin To Net: NetName=NetLED122_4 Pin=LED123-2
Added Net: Name=NetLED122_4
Added Pin To Net: NetName=NetLED123_4 Pin=LED123-4
Added Pin To Net: NetName=NetLED123_4 Pin=LED124-2
Added Net: Name=NetLED123_4
Added Pin To Net: NetName=NetLED124_4 Pin=LED124-4
Added Pin To Net: NetName=NetLED124_4 Pin=LED125-2
Added Net: Name=NetLED124_4
Added Pin To Net: NetName=NetLED125_4 Pin=LED125-4
Added Pin To Net: NetName=NetLED125_4 Pin=LED126-2
Added Net: Name=NetLED125_4
Added Pin To Net: NetName=NetLED126_4 Pin=LED126-4
Added Pin To Net: NetName=NetLED126_4 Pin=LED127-2
Added Net: Name=NetLED126_4
Added Pin To Net: NetName=NetLED127_4 Pin=LED127-4
Added Pin To Net: NetName=NetLED127_4 Pin=LED128-2
Added Net: Name=NetLED127_4
Added Pin To Net: NetName=NetLED128_4 Pin=LED128-4
Added Pin To Net: NetName=NetLED128_4 Pin=LED129-2
Added Net: Name=NetLED128_4
Added Pin To Net: NetName=NetLED129_4 Pin=LED129-4
Added Pin To Net: NetName=NetLED129_4 Pin=LED130-2
Added Net: Name=NetLED129_4
Added Pin To Net: NetName=NetLED130_4 Pin=LED130-4
Added Pin To Net: NetName=NetLED130_4 Pin=LED131-2
Added Net: Name=NetLED130_4
Added Pin To Net: NetName=NetLED131_4 Pin=LED131-4
Added Pin To Net: NetName=NetLED131_4 Pin=LED132-2
Added Net: Name=NetLED131_4
Added Pin To Net: NetName=NetLED132_4 Pin=LED132-4
Added Pin To Net: NetName=NetLED132_4 Pin=LED133-2
Added Net: Name=NetLED132_4
Added Pin To Net: NetName=NetLED133_4 Pin=LED133-4
Added Pin To Net: NetName=NetLED133_4 Pin=LED134-2
Added Net: Name=NetLED133_4
Added Pin To Net: NetName=NetLED134_4 Pin=LED134-4
Added Pin To Net: NetName=NetLED134_4 Pin=LED135-2
Added Net: Name=NetLED134_4
Added Pin To Net: NetName=NetLED135_4 Pin=LED135-4
Added Pin To Net: NetName=NetLED135_4 Pin=LED136-2
Added Net: Name=NetLED135_4
Added Pin To Net: NetName=NetLED136_4 Pin=LED136-4
Added Pin To Net: NetName=NetLED136_4 Pin=LED137-2
Added Net: Name=NetLED136_4
Added Pin To Net: NetName=NetLED137_4 Pin=LED137-4
Added Pin To Net: NetName=NetLED137_4 Pin=LED138-2
Added Net: Name=NetLED137_4
Added Pin To Net: NetName=NetLED138_4 Pin=LED138-4
Added Pin To Net: NetName=NetLED138_4 Pin=LED139-2
Added Net: Name=NetLED138_4
Added Pin To Net: NetName=NetLED139_4 Pin=LED139-4
Added Pin To Net: NetName=NetLED139_4 Pin=LED140-2
Added Net: Name=NetLED139_4
Added Pin To Net: NetName=NetLED140_4 Pin=LED140-4
Added Pin To Net: NetName=NetLED140_4 Pin=LED141-2
Added Net: Name=NetLED140_4
Added Pin To Net: NetName=NetLED141_4 Pin=LED141-4
Added Pin To Net: NetName=NetLED141_4 Pin=LED142-2
Added Net: Name=NetLED141_4
Added Pin To Net: NetName=NetLED142_4 Pin=LED142-4
Added Pin To Net: NetName=NetLED142_4 Pin=LED143-2
Added Net: Name=NetLED142_4
Added Pin To Net: NetName=NetLED143_4 Pin=LED143-4
Added Pin To Net: NetName=NetLED143_4 Pin=LED144-2
Added Net: Name=NetLED143_4
Added Pin To Net: NetName=NetLED145_4 Pin=LED145-4
Added Pin To Net: NetName=NetLED145_4 Pin=LED146-2
Added Net: Name=NetLED145_4
Added Pin To Net: NetName=NetLED146_4 Pin=LED146-4
Added Pin To Net: NetName=NetLED146_4 Pin=LED147-2
Added Net: Name=NetLED146_4
Added Pin To Net: NetName=NetLED147_4 Pin=LED147-4
Added Pin To Net: NetName=NetLED147_4 Pin=LED148-2
Added Net: Name=NetLED147_4
Added Pin To Net: NetName=NetLED148_4 Pin=LED148-4
Added Pin To Net: NetName=NetLED148_4 Pin=LED149-2
Added Net: Name=NetLED148_4
Added Pin To Net: NetName=NetLED149_4 Pin=LED149-4
Added Pin To Net: NetName=NetLED149_4 Pin=LED150-2
Added Net: Name=NetLED149_4
Added Pin To Net: NetName=NetLED150_4 Pin=LED150-4
Added Pin To Net: NetName=NetLED150_4 Pin=LED151-2
Added Net: Name=NetLED150_4
Added Pin To Net: NetName=NetLED151_4 Pin=LED151-4
Added Pin To Net: NetName=NetLED151_4 Pin=LED152-2
Added Net: Name=NetLED151_4
Added Pin To Net: NetName=NetLED152_4 Pin=LED152-4
Added Pin To Net: NetName=NetLED152_4 Pin=LED153-2
Added Net: Name=NetLED152_4
Added Pin To Net: NetName=NetLED153_4 Pin=LED153-4
Added Pin To Net: NetName=NetLED153_4 Pin=LED154-2
Added Net: Name=NetLED153_4
Added Pin To Net: NetName=NetLED154_4 Pin=LED154-4
Added Pin To Net: NetName=NetLED154_4 Pin=LED155-2
Added Net: Name=NetLED154_4
Added Pin To Net: NetName=NetLED155_4 Pin=LED155-4
Added Pin To Net: NetName=NetLED155_4 Pin=LED156-2
Added Net: Name=NetLED155_4
Added Pin To Net: NetName=NetLED156_4 Pin=LED156-4
Added Pin To Net: NetName=NetLED156_4 Pin=LED157-2
Added Net: Name=NetLED156_4
Added Pin To Net: NetName=NetLED157_4 Pin=LED157-4
Added Pin To Net: NetName=NetLED157_4 Pin=LED158-2
Added Net: Name=NetLED157_4
Added Pin To Net: NetName=NetLED158_4 Pin=LED158-4
Added Pin To Net: NetName=NetLED158_4 Pin=LED159-2
Added Net: Name=NetLED158_4
Added Pin To Net: NetName=NetLED159_4 Pin=LED159-4
Added Pin To Net: NetName=NetLED159_4 Pin=LED160-2
Added Net: Name=NetLED159_4
Added Pin To Net: NetName=NetLED160_4 Pin=LED160-4
Added Pin To Net: NetName=NetLED160_4 Pin=LED161-2
Added Net: Name=NetLED160_4
Added Pin To Net: NetName=NetLED161_4 Pin=LED161-4
Added Pin To Net: NetName=NetLED161_4 Pin=LED162-2
Added Net: Name=NetLED161_4
Added Pin To Net: NetName=NetLED162_4 Pin=LED162-4
Added Pin To Net: NetName=NetLED162_4 Pin=LED163-2
Added Net: Name=NetLED162_4
Added Pin To Net: NetName=NetLED163_4 Pin=LED163-4
Added Pin To Net: NetName=NetLED163_4 Pin=LED164-2
Added Net: Name=NetLED163_4
Added Pin To Net: NetName=NetLED164_4 Pin=LED164-4
Added Pin To Net: NetName=NetLED164_4 Pin=LED165-2
Added Net: Name=NetLED164_4
Added Pin To Net: NetName=NetLED165_4 Pin=LED165-4
Added Pin To Net: NetName=NetLED165_4 Pin=LED166-2
Added Net: Name=NetLED165_4
Added Pin To Net: NetName=NetLED166_4 Pin=LED166-4
Added Pin To Net: NetName=NetLED166_4 Pin=LED167-2
Added Net: Name=NetLED166_4
Added Pin To Net: NetName=NetLED167_4 Pin=LED167-4
Added Pin To Net: NetName=NetLED167_4 Pin=LED168-2
Added Net: Name=NetLED167_4
Added Pin To Net: NetName=NetLED169_4 Pin=LED169-4
Added Pin To Net: NetName=NetLED169_4 Pin=LED170-2
Added Net: Name=NetLED169_4
Added Pin To Net: NetName=NetLED170_4 Pin=LED170-4
Added Pin To Net: NetName=NetLED170_4 Pin=LED171-2
Added Net: Name=NetLED170_4
Added Pin To Net: NetName=NetLED171_4 Pin=LED171-4
Added Pin To Net: NetName=NetLED171_4 Pin=LED172-2
Added Net: Name=NetLED171_4
Added Pin To Net: NetName=NetLED172_4 Pin=LED172-4
Added Pin To Net: NetName=NetLED172_4 Pin=LED173-2
Added Net: Name=NetLED172_4
Added Pin To Net: NetName=NetLED173_4 Pin=LED173-4
Added Pin To Net: NetName=NetLED173_4 Pin=LED174-2
Added Net: Name=NetLED173_4
Added Pin To Net: NetName=NetLED174_4 Pin=LED174-4
Added Pin To Net: NetName=NetLED174_4 Pin=LED175-2
Added Net: Name=NetLED174_4
Added Pin To Net: NetName=NetLED175_4 Pin=LED175-4
Added Pin To Net: NetName=NetLED175_4 Pin=LED176-2
Added Net: Name=NetLED175_4
Added Pin To Net: NetName=NetLED176_4 Pin=LED176-4
Added Pin To Net: NetName=NetLED176_4 Pin=LED177-2
Added Net: Name=NetLED176_4
Added Pin To Net: NetName=NetLED177_4 Pin=LED177-4
Added Pin To Net: NetName=NetLED177_4 Pin=LED178-2
Added Net: Name=NetLED177_4
Added Pin To Net: NetName=NetLED178_4 Pin=LED178-4
Added Pin To Net: NetName=NetLED178_4 Pin=LED179-2
Added Net: Name=NetLED178_4
Added Pin To Net: NetName=NetLED179_4 Pin=LED179-4
Added Pin To Net: NetName=NetLED179_4 Pin=LED180-2
Added Net: Name=NetLED179_4
Added Pin To Net: NetName=NetLED180_4 Pin=LED180-4
Added Pin To Net: NetName=NetLED180_4 Pin=LED181-2
Added Net: Name=NetLED180_4
Added Pin To Net: NetName=NetLED181_4 Pin=LED181-4
Added Pin To Net: NetName=NetLED181_4 Pin=LED182-2
Added Net: Name=NetLED181_4
Added Pin To Net: NetName=NetLED182_4 Pin=LED182-4
Added Pin To Net: NetName=NetLED182_4 Pin=LED183-2
Added Net: Name=NetLED182_4
Added Pin To Net: NetName=NetLED183_4 Pin=LED183-4
Added Pin To Net: NetName=NetLED183_4 Pin=LED184-2
Added Net: Name=NetLED183_4
Added Pin To Net: NetName=NetLED184_4 Pin=LED184-4
Added Pin To Net: NetName=NetLED184_4 Pin=LED185-2
Added Net: Name=NetLED184_4
Added Pin To Net: NetName=NetLED185_4 Pin=LED185-4
Added Pin To Net: NetName=NetLED185_4 Pin=LED186-2
Added Net: Name=NetLED185_4
Added Pin To Net: NetName=NetLED186_4 Pin=LED186-4
Added Pin To Net: NetName=NetLED186_4 Pin=LED187-2
Added Net: Name=NetLED186_4
Added Pin To Net: NetName=NetLED187_4 Pin=LED187-4
Added Pin To Net: NetName=NetLED187_4 Pin=LED188-2
Added Net: Name=NetLED187_4
Added Pin To Net: NetName=NetLED188_4 Pin=LED188-4
Added Pin To Net: NetName=NetLED188_4 Pin=LED189-2
Added Net: Name=NetLED188_4
Added Pin To Net: NetName=NetLED189_4 Pin=LED189-4
Added Pin To Net: NetName=NetLED189_4 Pin=LED190-2
Added Net: Name=NetLED189_4
Added Pin To Net: NetName=NetLED190_4 Pin=LED190-4
Added Pin To Net: NetName=NetLED190_4 Pin=LED191-2
Added Net: Name=NetLED190_4
Added Pin To Net: NetName=NetLED191_4 Pin=LED191-4
Added Pin To Net: NetName=NetLED191_4 Pin=LED192-2
Added Net: Name=NetLED191_4
Added Class: Name=Sheet1
Added Room: Name=Sheet1
