Removed Pin From Net: NetName=GND Pin=C8-1
Removed Pin From Net: NetName=NetC1_2 Pin=LED24-4
Removed Pin From Net: NetName=NetC1_1 Pin=LED25-2
Removed Pin From Net: NetName=NetC2_2 Pin=LED48-4
Removed Pin From Net: NetName=NetC2_1 Pin=LED49-2
Removed Pin From Net: NetName=NetC3_2 Pin=LED72-4
Removed Pin From Net: NetName=NetC3_1 Pin=LED73-2
Removed Pin From Net: NetName=NetC4_2 Pin=LED96-4
Removed Pin From Net: NetName=NetC4_1 Pin=LED97-2
Removed Pin From Net: NetName=NetC5_2 Pin=LED120-4
Removed Pin From Net: NetName=NetC5_1 Pin=LED121-2
Removed Pin From Net: NetName=NetC6_2 Pin=LED144-4
Removed Pin From Net: NetName=NetC6_1 Pin=LED145-2
Removed Pin From Net: NetName=NetC7_2 Pin=LED168-4
Removed Pin From Net: NetName=NetC7_1 Pin=LED169-2
Change Component Footprint: Designator=C1 Old Footprint=RAD-0.3 New Footprint=C0805
Change Component Footprint: Designator=C2 Old Footprint=RAD-0.3 New Footprint=C0805
Change Component Footprint: Designator=C3 Old Footprint=RAD-0.3 New Footprint=C0805
Change Component Footprint: Designator=C4 Old Footprint=RAD-0.3 New Footprint=C0805
Change Component Footprint: Designator=C5 Old Footprint=RAD-0.3 New Footprint=C0805
Change Component Footprint: Designator=C6 Old Footprint=RAD-0.3 New Footprint=C0805
Change Component Footprint: Designator=C7 Old Footprint=RAD-0.3 New Footprint=C0805
Change Component Footprint: Designator=C8 Old Footprint=RAD-0.3 New Footprint=C0805
Change Component Comment : Designator=C1 Old Comment=Cap New Comment=Cap Pol3
Change Component Comment : Designator=C2 Old Comment=Cap New Comment=Cap Pol3
Change Component Comment : Designator=C3 Old Comment=Cap New Comment=Cap Pol3
Change Component Comment : Designator=C4 Old Comment=Cap New Comment=Cap Pol3
Change Component Comment : Designator=C5 Old Comment=Cap New Comment=Cap Pol3
Change Component Comment : Designator=C6 Old Comment=Cap New Comment=Cap Pol3
Change Component Comment : Designator=C7 Old Comment=Cap New Comment=Cap Pol3
Change Component Comment : Designator=C8 Old Comment=Cap New Comment=Cap Pol3
Change component parameters: Designator = "C1" ("C1"); Footprint = "RAD-0.3"; UniqueID = "\NMKEWDSJ" ("\NMKEWDSJ")
Change component parameters (AddParameter): Name = "LatestRevisionDate"; Value = "29-May-2009"; VariantName = "[No Variations]"
Change component parameters (AddParameter): Name = "LatestRevisionNote"; Value = "IPC-7351 Footprint Added."; VariantName = "[No Variations]"
Change component parameters (AddParameter): Name = "PackageDescription"; Value = "Chip Capacitor"; VariantName = "[No Variations]"
Change component parameters (AddParameter): Name = "PackageReference"; Value = "C0805"; VariantName = "[No Variations]"
Change component parameters (AddParameter): Name = "Published"; Value = "8-Jun-2000"; VariantName = "[No Variations]"
Change component parameters (AddParameter): Name = "Publisher"; Value = "Altium Limited"; VariantName = "[No Variations]"
Change component parameters (AddParameter): Name = "Value"; Value = "0.1uF"; VariantName = "[No Variations]"
Change component parameters: Designator = "C2" ("C2"); Footprint = "RAD-0.3"; UniqueID = "\WFDERETV" ("\WFDERETV")
Change component parameters (AddParameter): Name = "LatestRevisionDate"; Value = "29-May-2009"; VariantName = "[No Variations]"
Change component parameters (AddParameter): Name = "LatestRevisionNote"; Value = "IPC-7351 Footprint Added."; VariantName = "[No Variations]"
Change component parameters (AddParameter): Name = "PackageDescription"; Value = "Chip Capacitor"; VariantName = "[No Variations]"
Change component parameters (AddParameter): Name = "PackageReference"; Value = "C0805"; VariantName = "[No Variations]"
Change component parameters (AddParameter): Name = "Published"; Value = "8-Jun-2000"; VariantName = "[No Variations]"
Change component parameters (AddParameter): Name = "Publisher"; Value = "Altium Limited"; VariantName = "[No Variations]"
Change component parameters (AddParameter): Name = "Value"; Value = "0.1uF"; VariantName = "[No Variations]"
Change component parameters: Designator = "C3" ("C3"); Footprint = "RAD-0.3"; UniqueID = "\AOIQROTT" ("\AOIQROTT")
Change component parameters (AddParameter): Name = "LatestRevisionDate"; Value = "29-May-2009"; VariantName = "[No Variations]"
Change component parameters (AddParameter): Name = "LatestRevisionNote"; Value = "IPC-7351 Footprint Added."; VariantName = "[No Variations]"
Change component parameters (AddParameter): Name = "PackageDescription"; Value = "Chip Capacitor"; VariantName = "[No Variations]"
Change component parameters (AddParameter): Name = "PackageReference"; Value = "C0805"; VariantName = "[No Variations]"
Change component parameters (AddParameter): Name = "Published"; Value = "8-Jun-2000"; VariantName = "[No Variations]"
Change component parameters (AddParameter): Name = "Publisher"; Value = "Altium Limited"; VariantName = "[No Variations]"
Change component parameters (AddParameter): Name = "Value"; Value = "0.1uF"; VariantName = "[No Variations]"
Change component parameters: Designator = "C4" ("C4"); Footprint = "RAD-0.3"; UniqueID = "\KOMXKWMC" ("\KOMXKWMC")
Change component parameters (AddParameter): Name = "LatestRevisionDate"; Value = "29-May-2009"; VariantName = "[No Variations]"
Change component parameters (AddParameter): Name = "LatestRevisionNote"; Value = "IPC-7351 Footprint Added."; VariantName = "[No Variations]"
Change component parameters (AddParameter): Name = "PackageDescription"; Value = "Chip Capacitor"; VariantName = "[No Variations]"
Change component parameters (AddParameter): Name = "PackageReference"; Value = "C0805"; VariantName = "[No Variations]"
Change component parameters (AddParameter): Name = "Published"; Value = "8-Jun-2000"; VariantName = "[No Variations]"
Change component parameters (AddParameter): Name = "Publisher"; Value = "Altium Limited"; VariantName = "[No Variations]"
Change component parameters (AddParameter): Name = "Value"; Value = "0.1uF"; VariantName = "[No Variations]"
Change component parameters: Designator = "C5" ("C5"); Footprint = "RAD-0.3"; UniqueID = "\HRBZJWLF" ("\HRBZJWLF")
Change component parameters (AddParameter): Name = "LatestRevisionDate"; Value = "29-May-2009"; VariantName = "[No Variations]"
Change component parameters (AddParameter): Name = "LatestRevisionNote"; Value = "IPC-7351 Footprint Added."; VariantName = "[No Variations]"
Change component parameters (AddParameter): Name = "PackageDescription"; Value = "Chip Capacitor"; VariantName = "[No Variations]"
Change component parameters (AddParameter): Name = "PackageReference"; Value = "C0805"; VariantName = "[No Variations]"
Change component parameters (AddParameter): Name = "Published"; Value = "8-Jun-2000"; VariantName = "[No Variations]"
Change component parameters (AddParameter): Name = "Publisher"; Value = "Altium Limited"; VariantName = "[No Variations]"
Change component parameters (AddParameter): Name = "Value"; Value = "0.1uF"; VariantName = "[No Variations]"
Change component parameters: Designator = "C6" ("C6"); Footprint = "RAD-0.3"; UniqueID = "\HTURPMOH" ("\HTURPMOH")
Change component parameters (AddParameter): Name = "LatestRevisionDate"; Value = "29-May-2009"; VariantName = "[No Variations]"
Change component parameters (AddParameter): Name = "LatestRevisionNote"; Value = "IPC-7351 Footprint Added."; VariantName = "[No Variations]"
Change component parameters (AddParameter): Name = "PackageDescription"; Value = "Chip Capacitor"; VariantName = "[No Variations]"
Change component parameters (AddParameter): Name = "PackageReference"; Value = "C0805"; VariantName = "[No Variations]"
Change component parameters (AddParameter): Name = "Published"; Value = "8-Jun-2000"; VariantName = "[No Variations]"
Change component parameters (AddParameter): Name = "Publisher"; Value = "Altium Limited"; VariantName = "[No Variations]"
Change component parameters (AddParameter): Name = "Value"; Value = "0.1uF"; VariantName = "[No Variations]"
Change component parameters: Designator = "C7" ("C7"); Footprint = "RAD-0.3"; UniqueID = "\TVQLLVWC" ("\TVQLLVWC")
Change component parameters (AddParameter): Name = "LatestRevisionDate"; Value = "29-May-2009"; VariantName = "[No Variations]"
Change component parameters (AddParameter): Name = "LatestRevisionNote"; Value = "IPC-7351 Footprint Added."; VariantName = "[No Variations]"
Change component parameters (AddParameter): Name = "PackageDescription"; Value = "Chip Capacitor"; VariantName = "[No Variations]"
Change component parameters (AddParameter): Name = "PackageReference"; Value = "C0805"; VariantName = "[No Variations]"
Change component parameters (AddParameter): Name = "Published"; Value = "8-Jun-2000"; VariantName = "[No Variations]"
Change component parameters (AddParameter): Name = "Publisher"; Value = "Altium Limited"; VariantName = "[No Variations]"
Change component parameters (AddParameter): Name = "Value"; Value = "0.1uF"; VariantName = "[No Variations]"
Change component parameters: Designator = "C8" ("C8"); Footprint = "RAD-0.3"; UniqueID = "\QONMKEES" ("\QONMKEES")
Change component parameters (AddParameter): Name = "LatestRevisionDate"; Value = "29-May-2009"; VariantName = "[No Variations]"
Change component parameters (AddParameter): Name = "LatestRevisionNote"; Value = "IPC-7351 Footprint Added."; VariantName = "[No Variations]"
Change component parameters (AddParameter): Name = "PackageDescription"; Value = "Chip Capacitor"; VariantName = "[No Variations]"
Change component parameters (AddParameter): Name = "PackageReference"; Value = "C0805"; VariantName = "[No Variations]"
Change component parameters (AddParameter): Name = "Published"; Value = "8-Jun-2000"; VariantName = "[No Variations]"
Change component parameters (AddParameter): Name = "Publisher"; Value = "Altium Limited"; VariantName = "[No Variations]"
Change component parameters (AddParameter): Name = "Value"; Value = "0.1uF"; VariantName = "[No Variations]"
Added Pin To Net: NetName=GND Pin=C8-2
Added Pin To Net: NetName=NetC1_1 Pin=LED24-4
Added Pin To Net: NetName=NetC1_2 Pin=LED25-2
Added Pin To Net: NetName=NetC2_1 Pin=LED48-4
Added Pin To Net: NetName=NetC2_2 Pin=LED49-2
Added Pin To Net: NetName=NetC3_1 Pin=LED72-4
Added Pin To Net: NetName=NetC3_2 Pin=LED73-2
Added Pin To Net: NetName=NetC4_1 Pin=LED96-4
Added Pin To Net: NetName=NetC4_2 Pin=LED97-2
Added Pin To Net: NetName=NetC5_1 Pin=LED120-4
Added Pin To Net: NetName=NetC5_2 Pin=LED121-2
Added Pin To Net: NetName=NetC6_1 Pin=LED144-4
Added Pin To Net: NetName=NetC6_2 Pin=LED145-2
Added Pin To Net: NetName=NetC7_1 Pin=LED168-4
Added Pin To Net: NetName=NetC7_2 Pin=LED169-2
Added Pin To Net: NetName=NetC8_1 Pin=C8-1
Added Pin To Net: NetName=NetC8_1 Pin=LED192-4
Added Net: Name=NetC8_1
Added Room: Name=Sheet1
